<?xml version="1.0" encoding="UTF-8" ?>
<testsuite tests="80" failures="24" name="TestSuite" time="39.861" errors="0" skipped="0">
  <properties>
    <property name="java.runtime.name" value="Java(TM) SE Runtime Environment"/>
    <property name="sun.boot.library.path" value="/Library/Java/JavaVirtualMachines/jdk1.8.0_181.jdk/Contents/Home/jre/lib"/>
    <property name="java.vm.version" value="25.181-b13"/>
    <property name="user.country.format" value="IN"/>
    <property name="gopherProxySet" value="false"/>
    <property name="java.vm.vendor" value="Oracle Corporation"/>
    <property name="java.vendor.url" value="http://java.oracle.com/"/>
    <property name="path.separator" value=":"/>
    <property name="java.vm.name" value="Java HotSpot(TM) 64-Bit Server VM"/>
    <property name="file.encoding.pkg" value="sun.io"/>
    <property name="user.country" value="GB"/>
    <property name="sun.java.launcher" value="SUN_STANDARD"/>
    <property name="sun.os.patch.level" value="unknown"/>
    <property name="java.vm.specification.name" value="Java Virtual Machine Specification"/>
    <property name="user.dir" value="/Users/aswinikumar/Documents/adsandroid-automation-master/Android_Smoke"/>
    <property name="java.runtime.version" value="1.8.0_181-b13"/>
    <property name="java.awt.graphicsenv" value="sun.awt.CGraphicsEnvironment"/>
    <property name="basedir" value="/Users/aswinikumar/Documents/adsandroid-automation-master/Android_Smoke"/>
    <property name="java.endorsed.dirs" value="/Library/Java/JavaVirtualMachines/jdk1.8.0_181.jdk/Contents/Home/jre/lib/endorsed"/>
    <property name="os.arch" value="x86_64"/>
    <property name="surefire.real.class.path" value="/var/folders/sq/6ytcx3fj2yd8dmgrjt1_jjm80000gn/T/surefirebooter6270169956358459202.jar:/Users/aswinikumar/.m2/repository/org/aspectj/aspectjweaver/1.8.13/aspectjweaver-1.8.13.jar"/>
    <property name="java.io.tmpdir" value="/var/folders/sq/6ytcx3fj2yd8dmgrjt1_jjm80000gn/T/"/>
    <property name="line.separator" value="
"/>
    <property name="java.vm.specification.vendor" value="Oracle Corporation"/>
    <property name="os.name" value="Mac OS X"/>
    <property name="sun.jnu.encoding" value="UTF-8"/>
    <property name="java.library.path" value="/Users/aswinikumar/Library/Java/Extensions:/Library/Java/Extensions:/Network/Library/Java/Extensions:/System/Library/Java/Extensions:/usr/lib/java:."/>
    <property name="surefire.test.class.path" value="/Users/aswinikumar/Documents/adsandroid-automation-master/Android_Smoke/target/test-classes:/Users/aswinikumar/Documents/adsandroid-automation-master/Android_Smoke/target/classes:/Users/aswinikumar/.m2/repository/junit/junit/3.8.1/junit-3.8.1.jar:/Users/aswinikumar/.m2/repository/org/testng/testng/6.9.4/testng-6.9.4.jar:/Users/aswinikumar/.m2/repository/org/beanshell/bsh/2.0b4/bsh-2.0b4.jar:/Users/aswinikumar/.m2/repository/com/beust/jcommander/1.48/jcommander-1.48.jar:/Users/aswinikumar/.m2/repository/org/seleniumhq/selenium/selenium-server/2.51.0/selenium-server-2.51.0.jar:/Users/aswinikumar/.m2/repository/org/bouncycastle/bcprov-jdk15on/1.48/bcprov-jdk15on-1.48.jar:/Users/aswinikumar/.m2/repository/org/bouncycastle/bcpkix-jdk15on/1.48/bcpkix-jdk15on-1.48.jar:/Users/aswinikumar/.m2/repository/mx4j/mx4j-tools/3.0.1/mx4j-tools-3.0.1.jar:/Users/aswinikumar/.m2/repository/org/seleniumhq/selenium/jetty-repacked/9.2.13.v20150730/jetty-repacked-9.2.13.v20150730.jar:/Users/aswinikumar/.m2/repository/javax/servlet/javax.servlet-api/3.1.0/javax.servlet-api-3.1.0.jar:/Users/aswinikumar/.m2/repository/org/seleniumhq/selenium/jetty-rc-repacked/5/jetty-rc-repacked-5.jar:/Users/aswinikumar/.m2/repository/net/jcip/jcip-annotations/1.0/jcip-annotations-1.0.jar:/Users/aswinikumar/.m2/repository/org/yaml/snakeyaml/1.8/snakeyaml-1.8.jar:/Users/aswinikumar/.m2/repository/commons-codec/commons-codec/1.10/commons-codec-1.10.jar:/Users/aswinikumar/.m2/repository/org/seleniumhq/selenium/selenium-java/2.51.0/selenium-java-2.51.0.jar:/Users/aswinikumar/.m2/repository/org/seleniumhq/selenium/selenium-chrome-driver/2.51.0/selenium-chrome-driver-2.51.0.jar:/Users/aswinikumar/.m2/repository/org/seleniumhq/selenium/selenium-edge-driver/2.51.0/selenium-edge-driver-2.51.0.jar:/Users/aswinikumar/.m2/repository/org/seleniumhq/selenium/selenium-htmlunit-driver/2.51.0/selenium-htmlunit-driver-2.51.0.jar:/Users/aswinikumar/.m2/repository/net/sourceforge/htmlunit/htmlunit/2.18/htmlunit-2.18.jar:/Users/aswinikumar/.m2/repository/xalan/xalan/2.7.2/xalan-2.7.2.jar:/Users/aswinikumar/.m2/repository/xalan/serializer/2.7.2/serializer-2.7.2.jar:/Users/aswinikumar/.m2/repository/org/apache/commons/commons-lang3/3.4/commons-lang3-3.4.jar:/Users/aswinikumar/.m2/repository/org/apache/httpcomponents/httpmime/4.5/httpmime-4.5.jar:/Users/aswinikumar/.m2/repository/net/sourceforge/htmlunit/htmlunit-core-js/2.17/htmlunit-core-js-2.17.jar:/Users/aswinikumar/.m2/repository/xerces/xercesImpl/2.11.0/xercesImpl-2.11.0.jar:/Users/aswinikumar/.m2/repository/xml-apis/xml-apis/1.4.01/xml-apis-1.4.01.jar:/Users/aswinikumar/.m2/repository/net/sourceforge/nekohtml/nekohtml/1.9.22/nekohtml-1.9.22.jar:/Users/aswinikumar/.m2/repository/net/sourceforge/cssparser/cssparser/0.9.16/cssparser-0.9.16.jar:/Users/aswinikumar/.m2/repository/org/w3c/css/sac/1.3/sac-1.3.jar:/Users/aswinikumar/.m2/repository/org/eclipse/jetty/websocket/websocket-client/9.2.12.v20150709/websocket-client-9.2.12.v20150709.jar:/Users/aswinikumar/.m2/repository/org/eclipse/jetty/jetty-util/9.2.12.v20150709/jetty-util-9.2.12.v20150709.jar:/Users/aswinikumar/.m2/repository/org/eclipse/jetty/jetty-io/9.2.12.v20150709/jetty-io-9.2.12.v20150709.jar:/Users/aswinikumar/.m2/repository/org/eclipse/jetty/websocket/websocket-common/9.2.12.v20150709/websocket-common-9.2.12.v20150709.jar:/Users/aswinikumar/.m2/repository/org/eclipse/jetty/websocket/websocket-api/9.2.12.v20150709/websocket-api-9.2.12.v20150709.jar:/Users/aswinikumar/.m2/repository/commons-collections/commons-collections/3.2.2/commons-collections-3.2.2.jar:/Users/aswinikumar/.m2/repository/org/seleniumhq/selenium/selenium-ie-driver/2.51.0/selenium-ie-driver-2.51.0.jar:/Users/aswinikumar/.m2/repository/net/java/dev/jna/jna/4.1.0/jna-4.1.0.jar:/Users/aswinikumar/.m2/repository/net/java/dev/jna/jna-platform/4.1.0/jna-platform-4.1.0.jar:/Users/aswinikumar/.m2/repository/org/seleniumhq/selenium/selenium-safari-driver/2.51.0/selenium-safari-driver-2.51.0.jar:/Users/aswinikumar/.m2/repository/org/seleniumhq/selenium/selenium-support/2.51.0/selenium-support-2.51.0.jar:/Users/aswinikumar/.m2/repository/org/webbitserver/webbit/0.4.14/webbit-0.4.14.jar:/Users/aswinikumar/.m2/repository/io/netty/netty/3.5.2.Final/netty-3.5.2.Final.jar:/Users/aswinikumar/.m2/repository/org/seleniumhq/selenium/selenium-leg-rc/2.51.0/selenium-leg-rc-2.51.0.jar:/Users/aswinikumar/.m2/repository/org/seleniumhq/selenium/selenium-firefox-driver/2.51.0/selenium-firefox-driver-2.51.0.jar:/Users/aswinikumar/.m2/repository/org/seleniumhq/selenium/selenium-remote-driver/2.51.0/selenium-remote-driver-2.51.0.jar:/Users/aswinikumar/.m2/repository/cglib/cglib-nodep/2.1_3/cglib-nodep-2.1_3.jar:/Users/aswinikumar/.m2/repository/org/seleniumhq/selenium/selenium-api/2.51.0/selenium-api-2.51.0.jar:/Users/aswinikumar/.m2/repository/commons-io/commons-io/2.4/commons-io-2.4.jar:/Users/aswinikumar/.m2/repository/org/apache/commons/commons-exec/1.3/commons-exec-1.3.jar:/Users/aswinikumar/.m2/repository/com/googlecode/json-simple/json-simple/1.1/json-simple-1.1.jar:/Users/aswinikumar/.m2/repository/org/apache/poi/poi/3.9/poi-3.9.jar:/Users/aswinikumar/.m2/repository/io/appium/java-client/3.2.0/java-client-3.2.0.jar:/Users/aswinikumar/.m2/repository/com/google/code/gson/gson/2.2.4/gson-2.2.4.jar:/Users/aswinikumar/.m2/repository/org/apache/httpcomponents/httpclient/4.3.3/httpclient-4.3.3.jar:/Users/aswinikumar/.m2/repository/org/apache/httpcomponents/httpcore/4.3.2/httpcore-4.3.2.jar:/Users/aswinikumar/.m2/repository/commons-logging/commons-logging/1.1.3/commons-logging-1.1.3.jar:/Users/aswinikumar/.m2/repository/com/google/guava/guava/17.0/guava-17.0.jar:/Users/aswinikumar/.m2/repository/cglib/cglib/3.1/cglib-3.1.jar:/Users/aswinikumar/.m2/repository/org/ow2/asm/asm/4.2/asm-4.2.jar:/Users/aswinikumar/.m2/repository/commons-validator/commons-validator/1.4.1/commons-validator-1.4.1.jar:/Users/aswinikumar/.m2/repository/commons-beanutils/commons-beanutils/1.8.3/commons-beanutils-1.8.3.jar:/Users/aswinikumar/.m2/repository/commons-digester/commons-digester/1.8.1/commons-digester-1.8.1.jar:/Users/aswinikumar/.m2/repository/ru/yandex/qatools/allure/allure-testng-adaptor/1.5.4/allure-testng-adaptor-1.5.4.jar:/Users/aswinikumar/.m2/repository/ru/yandex/qatools/allure/allure-java-aspects/1.5.4/allure-java-aspects-1.5.4.jar:/Users/aswinikumar/.m2/repository/ru/yandex/qatools/allure/allure-java-adaptor-api/1.5.4/allure-java-adaptor-api-1.5.4.jar:/Users/aswinikumar/.m2/repository/ru/yandex/qatools/allure/allure-java-annotations/1.5.4/allure-java-annotations-1.5.4.jar:/Users/aswinikumar/.m2/repository/ru/yandex/qatools/allure/allure-model/1.5.4/allure-model-1.5.4.jar:/Users/aswinikumar/.m2/repository/org/jvnet/jaxb2_commons/jaxb2-basics-runtime/0.9.3/jaxb2-basics-runtime-0.9.3.jar:/Users/aswinikumar/.m2/repository/ru/qatools/commons/properties/2.0.RC5/properties-2.0.RC5.jar:/Users/aswinikumar/.m2/repository/org/slf4j/slf4j-api/1.7.12/slf4j-api-1.7.12.jar:/Users/aswinikumar/.m2/repository/org/apache/tika/tika-core/1.7/tika-core-1.7.jar:/Users/aswinikumar/.m2/repository/org/aspectj/aspectjrt/1.8.3/aspectjrt-1.8.3.jar:/Users/aswinikumar/.m2/repository/log4j/log4j/1.2.17/log4j-1.2.17.jar:"/>
    <property name="java.specification.name" value="Java Platform API Specification"/>
    <property name="java.class.version" value="52.0"/>
    <property name="sun.management.compiler" value="HotSpot 64-Bit Tiered Compilers"/>
    <property name="os.version" value="10.14.6"/>
    <property name="http.nonProxyHosts" value="local|*.local|169.254/16|*.169.254/16"/>
    <property name="user.home" value="/Users/aswinikumar"/>
    <property name="user.timezone" value="Asia/Kolkata"/>
    <property name="java.awt.printerjob" value="sun.lwawt.macosx.CPrinterJob"/>
    <property name="java.specification.version" value="1.8"/>
    <property name="file.encoding" value="UTF-8"/>
    <property name="user.name" value="aswinikumar"/>
    <property name="java.class.path" value="/Users/aswinikumar/Documents/adsandroid-automation-master/Android_Smoke/target/test-classes:/Users/aswinikumar/Documents/adsandroid-automation-master/Android_Smoke/target/classes:/Users/aswinikumar/.m2/repository/junit/junit/3.8.1/junit-3.8.1.jar:/Users/aswinikumar/.m2/repository/org/testng/testng/6.9.4/testng-6.9.4.jar:/Users/aswinikumar/.m2/repository/org/beanshell/bsh/2.0b4/bsh-2.0b4.jar:/Users/aswinikumar/.m2/repository/com/beust/jcommander/1.48/jcommander-1.48.jar:/Users/aswinikumar/.m2/repository/org/seleniumhq/selenium/selenium-server/2.51.0/selenium-server-2.51.0.jar:/Users/aswinikumar/.m2/repository/org/bouncycastle/bcprov-jdk15on/1.48/bcprov-jdk15on-1.48.jar:/Users/aswinikumar/.m2/repository/org/bouncycastle/bcpkix-jdk15on/1.48/bcpkix-jdk15on-1.48.jar:/Users/aswinikumar/.m2/repository/mx4j/mx4j-tools/3.0.1/mx4j-tools-3.0.1.jar:/Users/aswinikumar/.m2/repository/org/seleniumhq/selenium/jetty-repacked/9.2.13.v20150730/jetty-repacked-9.2.13.v20150730.jar:/Users/aswinikumar/.m2/repository/javax/servlet/javax.servlet-api/3.1.0/javax.servlet-api-3.1.0.jar:/Users/aswinikumar/.m2/repository/org/seleniumhq/selenium/jetty-rc-repacked/5/jetty-rc-repacked-5.jar:/Users/aswinikumar/.m2/repository/net/jcip/jcip-annotations/1.0/jcip-annotations-1.0.jar:/Users/aswinikumar/.m2/repository/org/yaml/snakeyaml/1.8/snakeyaml-1.8.jar:/Users/aswinikumar/.m2/repository/commons-codec/commons-codec/1.10/commons-codec-1.10.jar:/Users/aswinikumar/.m2/repository/org/seleniumhq/selenium/selenium-java/2.51.0/selenium-java-2.51.0.jar:/Users/aswinikumar/.m2/repository/org/seleniumhq/selenium/selenium-chrome-driver/2.51.0/selenium-chrome-driver-2.51.0.jar:/Users/aswinikumar/.m2/repository/org/seleniumhq/selenium/selenium-edge-driver/2.51.0/selenium-edge-driver-2.51.0.jar:/Users/aswinikumar/.m2/repository/org/seleniumhq/selenium/selenium-htmlunit-driver/2.51.0/selenium-htmlunit-driver-2.51.0.jar:/Users/aswinikumar/.m2/repository/net/sourceforge/htmlunit/htmlunit/2.18/htmlunit-2.18.jar:/Users/aswinikumar/.m2/repository/xalan/xalan/2.7.2/xalan-2.7.2.jar:/Users/aswinikumar/.m2/repository/xalan/serializer/2.7.2/serializer-2.7.2.jar:/Users/aswinikumar/.m2/repository/org/apache/commons/commons-lang3/3.4/commons-lang3-3.4.jar:/Users/aswinikumar/.m2/repository/org/apache/httpcomponents/httpmime/4.5/httpmime-4.5.jar:/Users/aswinikumar/.m2/repository/net/sourceforge/htmlunit/htmlunit-core-js/2.17/htmlunit-core-js-2.17.jar:/Users/aswinikumar/.m2/repository/xerces/xercesImpl/2.11.0/xercesImpl-2.11.0.jar:/Users/aswinikumar/.m2/repository/xml-apis/xml-apis/1.4.01/xml-apis-1.4.01.jar:/Users/aswinikumar/.m2/repository/net/sourceforge/nekohtml/nekohtml/1.9.22/nekohtml-1.9.22.jar:/Users/aswinikumar/.m2/repository/net/sourceforge/cssparser/cssparser/0.9.16/cssparser-0.9.16.jar:/Users/aswinikumar/.m2/repository/org/w3c/css/sac/1.3/sac-1.3.jar:/Users/aswinikumar/.m2/repository/org/eclipse/jetty/websocket/websocket-client/9.2.12.v20150709/websocket-client-9.2.12.v20150709.jar:/Users/aswinikumar/.m2/repository/org/eclipse/jetty/jetty-util/9.2.12.v20150709/jetty-util-9.2.12.v20150709.jar:/Users/aswinikumar/.m2/repository/org/eclipse/jetty/jetty-io/9.2.12.v20150709/jetty-io-9.2.12.v20150709.jar:/Users/aswinikumar/.m2/repository/org/eclipse/jetty/websocket/websocket-common/9.2.12.v20150709/websocket-common-9.2.12.v20150709.jar:/Users/aswinikumar/.m2/repository/org/eclipse/jetty/websocket/websocket-api/9.2.12.v20150709/websocket-api-9.2.12.v20150709.jar:/Users/aswinikumar/.m2/repository/commons-collections/commons-collections/3.2.2/commons-collections-3.2.2.jar:/Users/aswinikumar/.m2/repository/org/seleniumhq/selenium/selenium-ie-driver/2.51.0/selenium-ie-driver-2.51.0.jar:/Users/aswinikumar/.m2/repository/net/java/dev/jna/jna/4.1.0/jna-4.1.0.jar:/Users/aswinikumar/.m2/repository/net/java/dev/jna/jna-platform/4.1.0/jna-platform-4.1.0.jar:/Users/aswinikumar/.m2/repository/org/seleniumhq/selenium/selenium-safari-driver/2.51.0/selenium-safari-driver-2.51.0.jar:/Users/aswinikumar/.m2/repository/org/seleniumhq/selenium/selenium-support/2.51.0/selenium-support-2.51.0.jar:/Users/aswinikumar/.m2/repository/org/webbitserver/webbit/0.4.14/webbit-0.4.14.jar:/Users/aswinikumar/.m2/repository/io/netty/netty/3.5.2.Final/netty-3.5.2.Final.jar:/Users/aswinikumar/.m2/repository/org/seleniumhq/selenium/selenium-leg-rc/2.51.0/selenium-leg-rc-2.51.0.jar:/Users/aswinikumar/.m2/repository/org/seleniumhq/selenium/selenium-firefox-driver/2.51.0/selenium-firefox-driver-2.51.0.jar:/Users/aswinikumar/.m2/repository/org/seleniumhq/selenium/selenium-remote-driver/2.51.0/selenium-remote-driver-2.51.0.jar:/Users/aswinikumar/.m2/repository/cglib/cglib-nodep/2.1_3/cglib-nodep-2.1_3.jar:/Users/aswinikumar/.m2/repository/org/seleniumhq/selenium/selenium-api/2.51.0/selenium-api-2.51.0.jar:/Users/aswinikumar/.m2/repository/commons-io/commons-io/2.4/commons-io-2.4.jar:/Users/aswinikumar/.m2/repository/org/apache/commons/commons-exec/1.3/commons-exec-1.3.jar:/Users/aswinikumar/.m2/repository/com/googlecode/json-simple/json-simple/1.1/json-simple-1.1.jar:/Users/aswinikumar/.m2/repository/org/apache/poi/poi/3.9/poi-3.9.jar:/Users/aswinikumar/.m2/repository/io/appium/java-client/3.2.0/java-client-3.2.0.jar:/Users/aswinikumar/.m2/repository/com/google/code/gson/gson/2.2.4/gson-2.2.4.jar:/Users/aswinikumar/.m2/repository/org/apache/httpcomponents/httpclient/4.3.3/httpclient-4.3.3.jar:/Users/aswinikumar/.m2/repository/org/apache/httpcomponents/httpcore/4.3.2/httpcore-4.3.2.jar:/Users/aswinikumar/.m2/repository/commons-logging/commons-logging/1.1.3/commons-logging-1.1.3.jar:/Users/aswinikumar/.m2/repository/com/google/guava/guava/17.0/guava-17.0.jar:/Users/aswinikumar/.m2/repository/cglib/cglib/3.1/cglib-3.1.jar:/Users/aswinikumar/.m2/repository/org/ow2/asm/asm/4.2/asm-4.2.jar:/Users/aswinikumar/.m2/repository/commons-validator/commons-validator/1.4.1/commons-validator-1.4.1.jar:/Users/aswinikumar/.m2/repository/commons-beanutils/commons-beanutils/1.8.3/commons-beanutils-1.8.3.jar:/Users/aswinikumar/.m2/repository/commons-digester/commons-digester/1.8.1/commons-digester-1.8.1.jar:/Users/aswinikumar/.m2/repository/ru/yandex/qatools/allure/allure-testng-adaptor/1.5.4/allure-testng-adaptor-1.5.4.jar:/Users/aswinikumar/.m2/repository/ru/yandex/qatools/allure/allure-java-aspects/1.5.4/allure-java-aspects-1.5.4.jar:/Users/aswinikumar/.m2/repository/ru/yandex/qatools/allure/allure-java-adaptor-api/1.5.4/allure-java-adaptor-api-1.5.4.jar:/Users/aswinikumar/.m2/repository/ru/yandex/qatools/allure/allure-java-annotations/1.5.4/allure-java-annotations-1.5.4.jar:/Users/aswinikumar/.m2/repository/ru/yandex/qatools/allure/allure-model/1.5.4/allure-model-1.5.4.jar:/Users/aswinikumar/.m2/repository/org/jvnet/jaxb2_commons/jaxb2-basics-runtime/0.9.3/jaxb2-basics-runtime-0.9.3.jar:/Users/aswinikumar/.m2/repository/ru/qatools/commons/properties/2.0.RC5/properties-2.0.RC5.jar:/Users/aswinikumar/.m2/repository/org/slf4j/slf4j-api/1.7.12/slf4j-api-1.7.12.jar:/Users/aswinikumar/.m2/repository/org/apache/tika/tika-core/1.7/tika-core-1.7.jar:/Users/aswinikumar/.m2/repository/org/aspectj/aspectjrt/1.8.3/aspectjrt-1.8.3.jar:/Users/aswinikumar/.m2/repository/log4j/log4j/1.2.17/log4j-1.2.17.jar:"/>
    <property name="java.vm.specification.version" value="1.8"/>
    <property name="sun.arch.data.model" value="64"/>
    <property name="java.home" value="/Library/Java/JavaVirtualMachines/jdk1.8.0_181.jdk/Contents/Home/jre"/>
    <property name="sun.java.command" value="/var/folders/sq/6ytcx3fj2yd8dmgrjt1_jjm80000gn/T/surefirebooter6270169956358459202.jar /var/folders/sq/6ytcx3fj2yd8dmgrjt1_jjm80000gn/T/surefire2114098790589603417tmp /var/folders/sq/6ytcx3fj2yd8dmgrjt1_jjm80000gn/T/surefire5593866434727579118tmp"/>
    <property name="java.specification.vendor" value="Oracle Corporation"/>
    <property name="user.language" value="en"/>
    <property name="awt.toolkit" value="sun.lwawt.macosx.LWCToolkit"/>
    <property name="java.vm.info" value="mixed mode"/>
    <property name="java.version" value="1.8.0_181"/>
    <property name="java.ext.dirs" value="/Users/aswinikumar/Library/Java/Extensions:/Library/Java/JavaVirtualMachines/jdk1.8.0_181.jdk/Contents/Home/jre/lib/ext:/Library/Java/Extensions:/Network/Library/Java/Extensions:/System/Library/Java/Extensions:/usr/lib/java"/>
    <property name="sun.boot.class.path" value="/Library/Java/JavaVirtualMachines/jdk1.8.0_181.jdk/Contents/Home/jre/lib/resources.jar:/Library/Java/JavaVirtualMachines/jdk1.8.0_181.jdk/Contents/Home/jre/lib/rt.jar:/Library/Java/JavaVirtualMachines/jdk1.8.0_181.jdk/Contents/Home/jre/lib/sunrsasign.jar:/Library/Java/JavaVirtualMachines/jdk1.8.0_181.jdk/Contents/Home/jre/lib/jsse.jar:/Library/Java/JavaVirtualMachines/jdk1.8.0_181.jdk/Contents/Home/jre/lib/jce.jar:/Library/Java/JavaVirtualMachines/jdk1.8.0_181.jdk/Contents/Home/jre/lib/charsets.jar:/Library/Java/JavaVirtualMachines/jdk1.8.0_181.jdk/Contents/Home/jre/lib/jfr.jar:/Library/Java/JavaVirtualMachines/jdk1.8.0_181.jdk/Contents/Home/jre/classes"/>
    <property name="java.vendor" value="Oracle Corporation"/>
    <property name="localRepository" value="/Users/aswinikumar/.m2/repository"/>
    <property name="file.separator" value="/"/>
    <property name="java.vendor.url.bug" value="http://bugreport.sun.com/bugreport/"/>
    <property name="sun.cpu.endian" value="little"/>
    <property name="sun.io.unicode.encoding" value="UnicodeBig"/>
    <property name="socksNonProxyHosts" value="local|*.local|169.254/16|*.169.254/16"/>
    <property name="ftp.nonProxyHosts" value="local|*.local|169.254/16|*.169.254/16"/>
    <property name="sun.cpu.isalist" value=""/>
  </properties>
  <testcase classname="twc.Automation.SmokeTestCases.smokeTestCases" name="Smoke_Test_Case_Verify_Video_adCalll" time="1.923">
    <failure message="7646/app_android_us/video call was not trigred" type="java.lang.AssertionError">java.lang.AssertionError: 7646/app_android_us/video call was not trigred
	at org.testng.Assert.fail(Assert.java:94)
	at twc.Automation.General.Functions.finding_VideoCard_iu_value(Functions.java:2352)
	at twc.Automation.SmokeTestCases.smokeTestCases.Smoke_Test_Case_Verify_Video_adCalll(smokeTestCases.java:246)
</failure>
    <system-out>================= Before Test Started =========================
================= Before Test End =========================
================= Verifying Video ad call testcase  started =========================
XML File Name is : part2deatils.chlsx
Verifying   iu=%2F7646%2Fapp_android_us%2Fvideo  ad call
/7646/app_android_us/video call was not trigred
</system-out>
    <system-err>SLF4J: Failed to load class &quot;org.slf4j.impl.StaticLoggerBinder&quot;.
SLF4J: Defaulting to no-operation (NOP) logger implementation
SLF4J: See http://www.slf4j.org/codes.html#StaticLoggerBinder for further details.
</system-err>
  </testcase>
  <testcase classname="twc.Automation.SmokeTestCases.smokeTestCases" name="Smoke_Test_Case_Verify_hurricanevideo_adCalll" time="0.733"/>
  <testcase classname="twc.Automation.SmokeTestCases.smokeTestCases" name="Smoke_Test_CaseVerify_Radar_Maps_feedcard_adcall" time="0.583"/>
  <testcase classname="twc.Automation.SmokeTestCases.smokeTestCases" name="Smoke_Test_CaseVerify_Radar_Maps_deatailscard_adcall" time="0.658"/>
  <testcase classname="twc.Automation.SmokeTestCases.smokeTestCases" name="Smoke_Test_CaseVerify_hurricane_Maps_deatailscard_adcall" time="0.581"/>
  <testcase classname="twc.Automation.SmokeTestCases.smokeTestCases" name="Smoke_Test_CaseVerify_hurricane_articles_deatailspage_adcall" time="0.659"/>
  <testcase classname="twc.Automation.SmokeTestCases.smokeTestCases" name="Smoke_Test_CaseVerify_Today_details_page_iu" time="0.609"/>
  <testcase classname="twc.Automation.SmokeTestCases.smokeTestCases" name="Smoke_Test_CaseVerify_coivd_details_page_iu" time="0.513"/>
  <testcase classname="twc.Automation.SmokeTestCases.smokeTestCases" name="Smoke_Test_amazon_aax_covid19_deatailcard" time="0.613"/>
  <testcase classname="twc.Automation.SmokeTestCases.smokeTestCases" name="Smoke_Test_amazon_aax_today_deatailcard" time="0.515"/>
  <testcase classname="twc.Automation.SmokeTestCases.smokeTestCases" name="Smoke_Test_CaseVerify_Health_Activities_feed_adcall" time="0.576"/>
  <testcase classname="twc.Automation.SmokeTestCases.smokeTestCases" name="Smoke_Test_Verify_health_and_activities_Running_spotlight_adcall_iu" time="0.587"/>
  <testcase classname="twc.Automation.SmokeTestCases.smokeTestCases" name="Smoke_Test_Verify_health_and_activities_Bot_beach_detailpage_adcall_iu" time="0.503"/>
  <testcase classname="twc.Automation.SmokeTestCases.smokeTestCases" name="Smoke_Test_Verify_health_and_activities_Allergy_detailpage_adcall_iu" time="0.506"/>
  <testcase classname="twc.Automation.SmokeTestCases.smokeTestCases" name="Smoke_Test_Verify_health_and_activities_cold_flu_Spotlight_adcall_iu" time="0.514"/>
  <testcase classname="twc.Automation.SmokeTestCases.smokeTestCases" name="Smoke_Test_Verify_SeasonalHub_detailpage_adcall_iu" time="0.538"/>
  <testcase classname="twc.Automation.SmokeTestCases.smokeTestCases" name="Smoke_Test_Verify_SeasonalHub_feedcard_adcall_iu" time="0.677"/>
  <testcase classname="twc.Automation.SmokeTestCases.smokeTestCases" name="Smoke_Test_Verify_amazon_aax_Allergy_Bigbanner_ad" time="0.563"/>
  <testcase classname="twc.Automation.SmokeTestCases.smokeTestCases" name="Smoke_Test_Verify_amazon_aax_Running_Bigbanner_ad" time="0.517"/>
  <testcase classname="twc.Automation.SmokeTestCases.smokeTestCases" name="Smoke_Test_Verify_amazon_aax_Boat_Beach_Bigbanner_ad" time="0.492"/>
  <testcase classname="twc.Automation.SmokeTestCases.smokeTestCases" name="Smoke_Test_Verify_Air_Quality_detailpage_adcall_iu" time="0.515"/>
  <testcase classname="twc.Automation.SmokeTestCases.smokeTestCases" name="Smoke_Verify_est_Air_Quality_feedcard_adcall_iu" time="0.515"/>
  <testcase classname="twc.Automation.SmokeTestCases.smokeTestCases" name="Smoke_Test_Verify_amazon_aax_AirQuality_adcall" time="0.567"/>
  <testcase classname="twc.Automation.SmokeTestCases.smokeTestCases" name="Smoke_Test_Verify_News_detailpage_adcall_iu" time="0.427"/>
  <testcase classname="twc.Automation.SmokeTestCases.smokeTestCases" name="Smoke_Test_Verify_amazon_aax_News_adcall" time="0.567"/>
  <testcase classname="twc.Automation.SmokeTestCases.smokeTestCases" name="Smoke_Test_Verify_News_hurricane_detail_adcall_iu" time="0.488"/>
  <testcase classname="twc.Automation.SmokeTestCases.smokeTestCases" name="Smoke_Test_Verify_daily_card_adcall_iu" time="0.446"/>
  <testcase classname="twc.Automation.SmokeTestCases.smokeTestCases" name="Smoke_Test_CaseVerify_AQ_aax_amazon_adcalll" time="0.492"/>
  <testcase classname="twc.Automation.SmokeTestCases.smokeTestCases" name="Smoke_Test_CaseVerify_news_aax_amazon_adcalll" time="0.607"/>
  <testcase classname="twc.Automation.SmokeTestCases.smokeTestCases" name="Smoke_Test_Verify_hourly1_bigad_detailpage_adcall_iu" time="0.564"/>
  <testcase classname="twc.Automation.SmokeTestCases.smokeTestCases" name="Smoke_Test_Verify_hourly2_bigad_detailpage_adcall_iu" time="0.585"/>
  <testcase classname="twc.Automation.SmokeTestCases.smokeTestCases" name="Smoke_Test_Verify_hourly3_bigad_detailpage_adcall_iu" time="0.571"/>
  <testcase classname="twc.Automation.SmokeTestCases.smokeTestCases" name="Smoke_Test_Verify_hourly_detailpage_adcall_iu" time="0.556"/>
  <testcase classname="twc.Automation.SmokeTestCases.smokeTestCases" name="Smoke_Test_CaseVerify_hurricane_detal_aax_adcalll" time="0.385"/>
  <testcase classname="twc.Automation.SmokeTestCases.smokeTestCases" name="Smoke_Test_Verify_PrivacyCard_onScreen" time="0.03">
    <failure type="java.lang.NullPointerException">java.lang.NullPointerException
	at twc.Automation.HandleWithApp.AppFunctions.Kill_Launch_App(AppFunctions.java:903)
	at twc.Automation.SmokeTestCases.smokeTestCases.Smoke_Test_Verify_PrivacyCard_onScreen(smokeTestCases.java:589)
</failure>
    <system-out>=================Verifying Privacy Card is present on the screen testcase started =========================
</system-out>
  </testcase>
  <testcase classname="twc.Automation.SmokeTestCases.smokeTestCases" name="Smoke_Test_Selecting_Opt_out_mode_scenario" time="0.001">
    <failure type="java.lang.NullPointerException">java.lang.NullPointerException
	at twc.Automation.General.Functions.selecting_opt_out_mode(Functions.java:3397)
	at twc.Automation.SmokeTestCases.smokeTestCases.Smoke_Test_Selecting_Opt_out_mode_scenario(smokeTestCases.java:603)
</failure>
    <system-out>=================Slecting Opt out mode scenario in privacy card testcase started =========================
Clicking privacy arrow button
</system-out>
  </testcase>
  <testcase classname="twc.Automation.SmokeTestCases.smokeTestCases" name="Smoke_Test__Smoke_Test_Verifying_videoadcall_Optoutmode_scenario" time="0">
    <failure type="java.lang.NullPointerException">java.lang.NullPointerException
	at twc.Automation.HandleWithApp.AppFunctions.Kill_Launch_App(AppFunctions.java:903)
	at twc.Automation.SmokeTestCases.smokeTestCases.Smoke_Test__Smoke_Test_Verifying_videoadcall_Optoutmode_scenario(smokeTestCases.java:613)
</failure>
    <system-out>=================Verifying video Feed ad call when user selecting Optoutmode scenario in privacy card started =========================
</system-out>
  </testcase>
  <testcase classname="twc.Automation.SmokeTestCases.smokeTestCases" name="Smoke_Test_Verifying_Feedadcall_Optoutmode_scenario" time="0.492"/>
  <testcase classname="twc.Automation.SmokeTestCases.smokeTestCases" name="Smoke_Test_Verifying_detailpageadcall_Optoutmode_scenario" time="0.576"/>
  <testcase classname="twc.Automation.SmokeTestCases.smokeTestCases" name="Smoke_Test__Verifying_Bcp_apicall_Optoutmode_scenario" time="0.487">
    <failure message="https://bcp.crwdcntrl.net/ url was trigred" type="java.lang.AssertionError">java.lang.AssertionError: https://bcp.crwdcntrl.net/ url was trigred
	at org.testng.Assert.fail(Assert.java:94)
	at twc.Automation.General.Functions.validating_bcp_privacy_Optoutmode_scenarion(Functions.java:3494)
	at twc.Automation.SmokeTestCases.smokeTestCases.Smoke_Test__Verifying_Bcp_apicall_Optoutmode_scenario(smokeTestCases.java:658)
</failure>
    <system-out>=================Verifying BCP api call when user selecting Optoutmode scenario in privacy card started =========================
XML File Name is : part2deatils.chlsx
</system-out>
  </testcase>
  <testcase classname="twc.Automation.SmokeTestCases.smokeTestCases" name="Smoke_Test__Verifying_adcrw_apicall_Optoutmode_scenario" time="0.453">
    <failure message="https://ad.crwdcntrl.net/ url was trigred" type="java.lang.AssertionError">java.lang.AssertionError: https://ad.crwdcntrl.net/ url was trigred
	at org.testng.Assert.fail(Assert.java:94)
	at twc.Automation.General.Functions.validating_adcrw_privacy_Optoutmode_scenarion(Functions.java:3515)
	at twc.Automation.SmokeTestCases.smokeTestCases.Smoke_Test__Verifying_adcrw_apicall_Optoutmode_scenario(smokeTestCases.java:670)
</failure>
    <system-out>=================Verifying adcrw api call when user selecting Optoutmode scenario in privacy card started =========================
XML File Name is : part2deatils.chlsx
https://ad.crwdcntrl.net/ url was trigred
</system-out>
  </testcase>
  <testcase classname="twc.Automation.SmokeTestCases.smokeTestCases" name="Smoke_Test__Verifying_locaion_apicall_Optoutmode_scenario" time="0.539"/>
  <testcase classname="twc.Automation.SmokeTestCases.smokeTestCases" name="Smoke_Test__Verifying_amaozn_aax_calls_Optoutmode_scenario" time="0.391">
    <failure message="amazon aax is  trigreed for privacy Optoutmode scenario" type="java.lang.AssertionError">java.lang.AssertionError: amazon aax is  trigreed for privacy Optoutmode scenario
	at org.testng.Assert.fail(Assert.java:94)
	at twc.Automation.General.Functions.validating_aax_privacy_Optoutmode_scenario(Functions.java:3862)
	at twc.Automation.SmokeTestCases.smokeTestCases.Smoke_Test__Verifying_amaozn_aax_calls_Optoutmode_scenario(smokeTestCases.java:694)
</failure>
    <system-out>=================Verifying amazon aax calls when user selecting Optoutmode scenario in privacy card started =========================
XML File Name is : part2deatils.chlsx
amazon aax is trigreed for privacy Optoutmode scenario
</system-out>
  </testcase>
  <testcase classname="twc.Automation.SmokeTestCases.smokeTestCases" name="Smoke_Test__Verifying_homescreenhourly_calls_Optoutmode_scenario" time="0.459"/>
  <testcase classname="twc.Automation.SmokeTestCases.smokeTestCases" name="Smoke_Test__Verifying_marqueehomescreecall_Optoutmode_scenario" time="0.556"/>
  <testcase classname="twc.Automation.SmokeTestCases.smokeTestCases" name="Smoke_Test_Verifying_SOD_Cust_Param_homescreenad_Optoutmode_scenario" time="0.467">
    <failure message="SOD cust param value for home screen call is not matchged withsod=yes" type="java.lang.AssertionError">java.lang.AssertionError: SOD cust param value for home screen call is not matchged withsod=yes
	at org.testng.Assert.fail(Assert.java:94)
	at twc.Automation.General.Functions.validate_SOD_Cust_param_homescreen_Optoutmode(Functions.java:3915)
	at twc.Automation.SmokeTestCases.smokeTestCases.Smoke_Test_Verifying_SOD_Cust_Param_homescreenad_Optoutmode_scenario(smokeTestCases.java:727)
</failure>
    <system-out>================= Verifying SOD CUST_PARAM value for home screen call  when user selecting Optoutmode scenario in privacy card started =========================
XML File Name is : part2deatils.chlsx
SOD cust param value for home screen call is not matchged withsod=yes
</system-out>
  </testcase>
  <testcase classname="twc.Automation.SmokeTestCases.smokeTestCases" name="Smoke_Test_Verifying_SOD_Cust_Param_Feedad_Optoutmode_scenario" time="0.465">
    <failure message="SOD cust param value for Feed call is not matchged withsod=yes" type="java.lang.AssertionError">java.lang.AssertionError: SOD cust param value for Feed call is not matchged withsod=yes
	at org.testng.Assert.fail(Assert.java:94)
	at twc.Automation.General.Functions.validate_SOD_Cust_param_feed_Optoutmode(Functions.java:3944)
	at twc.Automation.SmokeTestCases.smokeTestCases.Smoke_Test_Verifying_SOD_Cust_Param_Feedad_Optoutmode_scenario(smokeTestCases.java:737)
</failure>
    <system-out>================= Verifying SOD CUST_PARAM value for Feed ad call  when user selecting Optoutmode scenario in privacy card started =========================
XML File Name is : part2deatils.chlsx
SOD cust param value for Feed call is not matchged withsod=yes
</system-out>
  </testcase>
  <testcase classname="twc.Automation.SmokeTestCases.smokeTestCases" name="Smoke_Test_Verifying_SOD_Cust_Param_detail_Feedad_Optoutmode_scenario" time="0.548">
    <failure message="SOD cust param value for deatiled Feed ad call is not matchged withsod=yes" type="java.lang.AssertionError">java.lang.AssertionError: SOD cust param value for deatiled Feed ad call is not matchged withsod=yes
	at org.testng.Assert.fail(Assert.java:94)
	at twc.Automation.General.Functions.validate_SOD_Cust_param_deatiledfeed_Optoutmode(Functions.java:3972)
	at twc.Automation.SmokeTestCases.smokeTestCases.Smoke_Test_Verifying_SOD_Cust_Param_detail_Feedad_Optoutmode_scenario(smokeTestCases.java:746)
</failure>
    <system-out>================= Verifying SOD CUST_PARAM value for  detailed Feed ad call  when user selecting Optoutmode scenario in privacy card started =========================
XML File Name is : part2deatils.chlsx
SOD cust param value for deatiled Feed ad call is not matchged withsod=yes
</system-out>
  </testcase>
  <testcase classname="twc.Automation.SmokeTestCases.smokeTestCases" name="Smoke_Test_Verifying_SOD_Cust_Param_videoad_Optoutmode_scenario" time="0.557"/>
  <testcase classname="twc.Automation.SmokeTestCases.smokeTestCases" name="Smoke_Test_Verifying_RDP_value_homescreenad_Optoutmode_scenario" time="0.428">
    <failure message="RDP for home screen call  is not matchged with1" type="java.lang.AssertionError">java.lang.AssertionError: RDP for home screen call  is not matchged with1
	at org.testng.Assert.fail(Assert.java:94)
	at twc.Automation.General.Functions.validate_RDP_homescreen_Optoutmode(Functions.java:4161)
	at twc.Automation.SmokeTestCases.smokeTestCases.Smoke_Test_Verifying_RDP_value_homescreenad_Optoutmode_scenario(smokeTestCases.java:764)
</failure>
    <system-out>================= Verifying RDP value for home screen call  when user selecting Optoutmode scenario in privacy card started =========================
XML File Name is : part2deatils.chlsx
RDP  value for home screen call is not matchged with1
</system-out>
  </testcase>
  <testcase classname="twc.Automation.SmokeTestCases.smokeTestCases" name="Smoke_Test_Verifying_RDP_value_feedad_Optoutmode_scenario" time="0.483">
    <failure message="RDP for feed ad call call  is not matchged with1" type="java.lang.AssertionError">java.lang.AssertionError: RDP for feed ad call call  is not matchged with1
	at org.testng.Assert.fail(Assert.java:94)
	at twc.Automation.General.Functions.validate_RDP_feed_Optoutmode(Functions.java:4182)
	at twc.Automation.SmokeTestCases.smokeTestCases.Smoke_Test_Verifying_RDP_value_feedad_Optoutmode_scenario(smokeTestCases.java:773)
</failure>
    <system-out>================= Verifying RDP value for feed ad  call  when user selecting Optoutmode scenario in privacy card started =========================
XML File Name is : part2deatils.chlsx
RDP  value for feed ad call is not matchged with1
</system-out>
  </testcase>
  <testcase classname="twc.Automation.SmokeTestCases.smokeTestCases" name="Smoke_Test_Verifying_RDP_value_detailed_feedad_Optoutmode_scenario" time="0.498"/>
  <testcase classname="twc.Automation.SmokeTestCases.smokeTestCases" name="Smoke_Test_Verifying_RDP_value_video_adcall_Optoutmode_scenario" time="0.482"/>
  <testcase classname="twc.Automation.SmokeTestCases.smokeTestCases" name="Smoke_Test_Selecting_Opt_in_mode_scenario" time="0">
    <failure type="java.lang.NullPointerException">java.lang.NullPointerException
	at twc.Automation.HandleWithApp.AppFunctions.Kill_Launch_App(AppFunctions.java:903)
	at twc.Automation.SmokeTestCases.smokeTestCases.Smoke_Test_Selecting_Opt_in_mode_scenario(smokeTestCases.java:803)
</failure>
    <system-out>=================Slecting Opt in mode scenario in privacy card testcase started =========================
</system-out>
  </testcase>
  <testcase classname="twc.Automation.SmokeTestCases.smokeTestCases" name="Smoke_Test__Smoke_Test_Verifying_videoadcall_Optinmode_scenario" time="0">
    <failure type="java.lang.NullPointerException">java.lang.NullPointerException
	at twc.Automation.HandleWithApp.AppFunctions.Kill_Launch_App(AppFunctions.java:903)
	at twc.Automation.SmokeTestCases.smokeTestCases.Smoke_Test__Smoke_Test_Verifying_videoadcall_Optinmode_scenario(smokeTestCases.java:817)
</failure>
    <system-out>=================Verifying video Feed ad call when user selecting Optinmode scenario in privacy card started =========================
</system-out>
  </testcase>
  <testcase classname="twc.Automation.SmokeTestCases.smokeTestCases" name="Smoke_Test_Verifying_Feedadcall_Optinmode_scenario" time="0.427"/>
  <testcase classname="twc.Automation.SmokeTestCases.smokeTestCases" name="Smoke_Test_Verifying_detailpageadcall_Optinmode_scenario" time="0.503"/>
  <testcase classname="twc.Automation.SmokeTestCases.smokeTestCases" name="Smoke_Test__Verifying_Bcp_apicall_Optinmode_scenario" time="0.587"/>
  <testcase classname="twc.Automation.SmokeTestCases.smokeTestCases" name="Smoke_Test__Verifying_adcrw_apicall_Optinmode_scenario" time="0.492"/>
  <testcase classname="twc.Automation.SmokeTestCases.smokeTestCases" name="Smoke_Test__Verifying_locaion_apicall_Optinmode_scenario" time="0.582">
    <failure message="https://location.wfxtriggers.com url was not trigred" type="java.lang.AssertionError">java.lang.AssertionError: https://location.wfxtriggers.com url was not trigred
	at org.testng.Assert.fail(Assert.java:94)
	at twc.Automation.General.Functions.validating_Fatualcall_privacy_Optinmode_scenarion(Functions.java:3618)
	at twc.Automation.SmokeTestCases.smokeTestCases.Smoke_Test__Verifying_locaion_apicall_Optinmode_scenario(smokeTestCases.java:885)
</failure>
    <system-out>=================Verifying Fatcual api call when user selecting Optinmode scenario in privacy card started =========================
XML File Name is : part2deatils.chlsx
https://location.wfxtriggers.com url was not trigred
</system-out>
  </testcase>
  <testcase classname="twc.Automation.SmokeTestCases.smokeTestCases" name="Smoke_Test__Verifying_amaozn_aax_calls_Optinmode_scenario" time="0.459"/>
  <testcase classname="twc.Automation.SmokeTestCases.smokeTestCases" name="Smoke_Test__Verifying_homescreenhourly_calls_Optinmode_scenario" time="0.445"/>
  <testcase classname="twc.Automation.SmokeTestCases.smokeTestCases" name="Smoke_Test__Verifying_marqueehomescreecall_Optinmode_scenario" time="0.453"/>
  <testcase classname="twc.Automation.SmokeTestCases.smokeTestCases" name="Smoke_Test_Verifying_SOD_Cust_Param_homescreenad_Optinmode_scenario" time="0.418"/>
  <testcase classname="twc.Automation.SmokeTestCases.smokeTestCases" name="Smoke_Test_Verifying_SOD_Cust_Param_Feedad_Optinmode_scenario" time="0.487"/>
  <testcase classname="twc.Automation.SmokeTestCases.smokeTestCases" name="Smoke_Test_Verifying_SOD_Cust_Param_detail_Feedad_Optinmode_scenario" time="0.615"/>
  <testcase classname="twc.Automation.SmokeTestCases.smokeTestCases" name="Smoke_Test_Verifying_SOD_Cust_Param_videoad_Optinmode_scenario" time="0.48"/>
  <testcase classname="twc.Automation.SmokeTestCases.smokeTestCases" name="Smoke_Test_Verifying_RDP_value_homescreenad_Optinmode_scenario" time="0.408"/>
  <testcase classname="twc.Automation.SmokeTestCases.smokeTestCases" name="Smoke_Test_Verifying_RDP_value_feedad_Optinmode_scenario" time="0.487"/>
  <testcase classname="twc.Automation.SmokeTestCases.smokeTestCases" name="Smoke_Test_Verifying_RDP_value_detailed_feedad_Optinmode_scenario" time="0.553"/>
  <testcase classname="twc.Automation.SmokeTestCases.smokeTestCases" name="Smoke_Test_Verifying_RDP_value_video_adcall_Optinmode_scenario" time="0.469"/>
  <testcase classname="twc.Automation.SmokeTestCases.smokeTestCases" name="Smoke_Test_Verifying_homescreenhourly__backfromdetailedpage_scenario" time="1.025">
    <failure type="java.lang.NullPointerException">java.lang.NullPointerException
	at twc.Automation.HandleWithCharles.CharlesFunctions.ClearSessions(CharlesFunctions.java:234)
	at twc.Automation.SmokeTestCases.smokeTestCases.Smoke_Test_Verifying_homescreenhourly__backfromdetailedpage_scenario(smokeTestCases.java:1059)
</failure>
    <system-out>================= Verifying  home screen hourly call back from detailes page scenario  started =========================
</system-out>
  </testcase>
  <testcase classname="twc.Automation.SmokeTestCases.smokeTestCases" name="Smoke_Test_Verifying_homescreenmarquee_backfromdetailedpage__scenario" time="0.005">
    <failure type="java.lang.NullPointerException">java.lang.NullPointerException
	at twc.Automation.ReadDataFromFile.read_xml_data_into_buffer.read_xml_file_into_buffer_string(read_xml_data_into_buffer.java:47)
	at twc.Automation.General.Functions.finding_Homescreen_marquee_iu_value(Functions.java:3335)
	at twc.Automation.SmokeTestCases.smokeTestCases.Smoke_Test_Verifying_homescreenmarquee_backfromdetailedpage__scenario(smokeTestCases.java:1076)
</failure>
    <system-out>================= Verifying  home screen marquee call  back from detailes page scenario  started =========================
No Data Found in XML File
</system-out>
  </testcase>
  <testcase classname="twc.Automation.SmokeTestCases.smokeTestCases" name="Smoke_Test_NextGen_IM_adunit" time="1.005">
    <failure type="java.lang.NullPointerException">java.lang.NullPointerException
	at twc.Automation.HandleWithCharles.CharlesFunctions.ClearSessions(CharlesFunctions.java:234)
	at twc.Automation.SmokeTestCases.smokeTestCases.Smoke_Test_NextGen_IM_adunit(smokeTestCases.java:1094)
</failure>
    <system-out>================= Verify  NextGen IM adunit testcase Started =========================
</system-out>
  </testcase>
  <testcase classname="twc.Automation.SmokeTestCases.smokeTestCases" name="Smoke_Test_verifying_NextGenIM_response" time="0.007">
    <failure type="java.lang.NullPointerException">java.lang.NullPointerException
	at twc.Automation.ReadDataFromFile.read_xml_data_into_buffer.read_xml_file_into_buffer_string(read_xml_data_into_buffer.java:47)
	at twc.Automation.General.Functions.nextgenim_adcall_response(Functions.java:3686)
	at twc.Automation.SmokeTestCases.smokeTestCases.Smoke_Test_verifying_NextGenIM_response(smokeTestCases.java:1108)
</failure>
    <system-out>================= Verify  NextGen IM ad response testcase started =========================
No Data Found in XML File
</system-out>
  </testcase>
  <testcase classname="twc.Automation.SmokeTestCases.smokeTestCases" name="Smoke_Test_verifying_FG_BG_urls_NextgenIm_Ad" time="0.004">
    <failure type="java.lang.NullPointerException">java.lang.NullPointerException
	at twc.Automation.ReadDataFromFile.read_xml_data_into_buffer.read_xml_file_into_buffer_string(read_xml_data_into_buffer.java:47)
	at twc.Automation.General.Functions.validate_FG_BG_adcalls_NextGenIM(Functions.java:3738)
	at twc.Automation.SmokeTestCases.smokeTestCases.Smoke_Test_verifying_FG_BG_urls_NextgenIm_Ad(smokeTestCases.java:1119)
</failure>
    <system-out>================= Verify  Nextgen Im adunit response testcase started =========================
No Data Found in XML File
</system-out>
  </testcase>
  <testcase classname="twc.Automation.SmokeTestCases.smokeTestCases" name="Smoke_Test_verifying_Size_NextgenIm_Ad" time="0.004">
    <failure type="java.lang.NullPointerException">java.lang.NullPointerException
	at twc.Automation.ReadDataFromFile.read_xml_data_into_buffer.read_xml_file_into_buffer_string(read_xml_data_into_buffer.java:47)
	at twc.Automation.General.Functions.validate_Size_NextGenIM(Functions.java:3759)
	at twc.Automation.SmokeTestCases.smokeTestCases.Smoke_Test_verifying_Size_NextgenIm_Ad(smokeTestCases.java:1131)
</failure>
    <system-out>================= Verify  Nextgen Im adunit response testcase started =========================
No Data Found in XML File
</system-out>
  </testcase>
  <testcase classname="twc.Automation.SmokeTestCases.smokeTestCases" name="Smoke_Test_Verify_dailyIF_card_adcall_iu" time="1.006">
    <failure type="java.lang.NullPointerException">java.lang.NullPointerException
	at twc.Automation.HandleWithCharles.CharlesFunctions.ClearSessions(CharlesFunctions.java:234)
	at twc.Automation.SmokeTestCases.smokeTestCases.Smoke_Test_Verify_dailyIF_card_adcall_iu(smokeTestCases.java:1142)
</failure>
    <system-out>================= Verifyig daily adcall_iu Started =========================
</system-out>
  </testcase>
  <testcase classname="twc.Automation.SmokeTestCases.smokeTestCases" name="Smoke_Test_verifying_DailyIFcardResponse" time="0.006">
    <failure type="java.lang.NullPointerException">java.lang.NullPointerException
	at twc.Automation.ReadDataFromFile.read_xml_data_into_buffer.read_xml_file_into_buffer_string(read_xml_data_into_buffer.java:47)
	at twc.Automation.General.Functions.dailyIFCard_adcall_response(Functions.java:3786)
	at twc.Automation.SmokeTestCases.smokeTestCases.Smoke_Test_verifying_DailyIFcardResponse(smokeTestCases.java:1156)
</failure>
    <system-out>================= Verify  Daily IF card response testcase started =========================
No Data Found in XML File
</system-out>
  </testcase>
  <testcase classname="twc.Automation.SmokeTestCases.smokeTestCases" name="Smoke_Test_verifying_FG_BG_urls_DailyIF_Card" time="0.004">
    <failure type="java.lang.NullPointerException">java.lang.NullPointerException
	at twc.Automation.ReadDataFromFile.read_xml_data_into_buffer.read_xml_file_into_buffer_string(read_xml_data_into_buffer.java:47)
	at twc.Automation.General.Functions.validate_FG_BG_adcalls_DailyIFcards(Functions.java:3838)
	at twc.Automation.SmokeTestCases.smokeTestCases.Smoke_Test_verifying_FG_BG_urls_DailyIF_Card(smokeTestCases.java:1165)
</failure>
    <system-out>================= Verify  Nextgen Im adunit response testcase started =========================
No Data Found in XML File
</system-out>
  </testcase>
</testsuite>