<?xml version="1.0" encoding="UTF-8"?>
<!-- Generated by org.testng.reporters.JUnitReportReporter -->
<testsuite skipped="77" hostname="Aswinikumars-MacBook-Pro.local" name="twc.Automation.SmokeTestCases.smokeTestCases" tests="78" failures="0" timestamp="2020-04-08T18:55:07 IST" time="70.378" errors="1">
  <testcase name="Before_Test" time="70.378" classname="twc.Automation.SmokeTestCases.smokeTestCases">
    <error type="org.openqa.selenium.WebDriverException" message="An unknown server-side error occurred while processing the command. Original error: The application at &#039;/Users/aswinikumar/Documents/adsandroid-automation-masterAndroid_Smoke/APKFile/The_Weather_Channel_DEBUG (22).apk&#039; does not exist or is not accessible (WARNING: The server did not provide any stacktrace information)
Command duration or timeout: 23 milliseconds
Build info: version: &#039;2.51.0&#039;, revision: &#039;1af067dbcaedd7d2ab9af5151fc471d363d97193&#039;, time: &#039;2016-02-05 11:20:57&#039;
System info: host: &#039;Aswinikumars-MacBook-Pro.local&#039;, ip: &#039;192.168.1.5&#039;, os.name: &#039;Mac OS X&#039;, os.arch: &#039;x86_64&#039;, os.version: &#039;10.14.6&#039;, java.version: &#039;1.8.0_181&#039;
Driver info: io.appium.java_client.android.AndroidDriver">
      <![CDATA[org.openqa.selenium.WebDriverException: An unknown server-side error occurred while processing the command. Original error: The application at '/Users/aswinikumar/Documents/adsandroid-automation-masterAndroid_Smoke/APKFile/The_Weather_Channel_DEBUG (22).apk' does not exist or is not accessible (WARNING: The server did not provide any stacktrace information)
Command duration or timeout: 23 milliseconds
Build info: version: '2.51.0', revision: '1af067dbcaedd7d2ab9af5151fc471d363d97193', time: '2016-02-05 11:20:57'
System info: host: 'Aswinikumars-MacBook-Pro.local', ip: '192.168.1.5', os.name: 'Mac OS X', os.arch: 'x86_64', os.version: '10.14.6', java.version: '1.8.0_181'
Driver info: io.appium.java_client.android.AndroidDriver
at sun.reflect.NativeConstructorAccessorImpl.newInstance0(Native Method)
at sun.reflect.NativeConstructorAccessorImpl.newInstance(NativeConstructorAccessorImpl.java:62)
at sun.reflect.DelegatingConstructorAccessorImpl.newInstance(DelegatingConstructorAccessorImpl.java:45)
at java.lang.reflect.Constructor.newInstance(Constructor.java:423)
at org.openqa.selenium.remote.ErrorHandler.createThrowable(ErrorHandler.java:206)
at org.openqa.selenium.remote.ErrorHandler.throwIfResponseFailed(ErrorHandler.java:158)
at org.openqa.selenium.remote.RemoteWebDriver.execute(RemoteWebDriver.java:678)
at io.appium.java_client.DefaultGenericMobileDriver.execute(DefaultGenericMobileDriver.java:42)
at io.appium.java_client.AppiumDriver.execute(AppiumDriver.java:1)
at io.appium.java_client.android.AndroidDriver.execute(AndroidDriver.java:1)
at org.openqa.selenium.remote.RemoteWebDriver.startSession(RemoteWebDriver.java:249)
at org.openqa.selenium.remote.RemoteWebDriver.<init>(RemoteWebDriver.java:131)
at org.openqa.selenium.remote.RemoteWebDriver.<init>(RemoteWebDriver.java:144)
at io.appium.java_client.DefaultGenericMobileDriver.<init>(DefaultGenericMobileDriver.java:37)
at io.appium.java_client.AppiumDriver.<init>(AppiumDriver.java:160)
at io.appium.java_client.AppiumDriver.<init>(AppiumDriver.java:168)
at io.appium.java_client.android.AndroidDriver.<init>(AndroidDriver.java:69)
at twc.Automation.HandleWithAppium.AppiumFunctions.LaunchAppWithFullReset(AppiumFunctions.java:393)
at twc.Automation.SmokeTestCases.smokeTestCases.Before_Test(smokeTestCases.java:1042)
at sun.reflect.NativeMethodAccessorImpl.invoke0(Native Method)
at sun.reflect.NativeMethodAccessorImpl.invoke(NativeMethodAccessorImpl.java:62)
at sun.reflect.DelegatingMethodAccessorImpl.invoke(DelegatingMethodAccessorImpl.java:43)
at java.lang.reflect.Method.invoke(Method.java:498)
at org.testng.internal.MethodInvocationHelper.invokeMethod(MethodInvocationHelper.java:133)
at org.testng.internal.MethodInvocationHelper.invokeMethodConsideringTimeout(MethodInvocationHelper.java:62)
at org.testng.internal.ConfigInvoker.invokeConfigurationMethod(ConfigInvoker.java:340)
at org.testng.internal.ConfigInvoker.invokeConfigurations(ConfigInvoker.java:294)
at org.testng.TestRunner.invokeTestConfigurations(TestRunner.java:623)
at org.testng.TestRunner.beforeRun(TestRunner.java:613)
at org.testng.TestRunner.run(TestRunner.java:584)
at org.testng.SuiteRunner.runTest(SuiteRunner.java:402)
at org.testng.SuiteRunner.runSequentially(SuiteRunner.java:396)
at org.testng.SuiteRunner.privateRun(SuiteRunner.java:355)
at org.testng.SuiteRunner.run(SuiteRunner.java:304)
at org.testng.SuiteRunnerWorker.runSuite(SuiteRunnerWorker.java:53)
at org.testng.SuiteRunnerWorker.run(SuiteRunnerWorker.java:96)
at org.testng.TestNG.runSuitesSequentially(TestNG.java:1180)
at org.testng.TestNG.runSuitesLocally(TestNG.java:1102)
at org.testng.TestNG.runSuites(TestNG.java:1032)
at org.testng.TestNG.run(TestNG.java:1000)
at org.testng.remote.AbstractRemoteTestNG.run(AbstractRemoteTestNG.java:115)
at org.testng.remote.RemoteTestNG.initAndRun(RemoteTestNG.java:251)
at org.testng.remote.RemoteTestNG.main(RemoteTestNG.java:77)
]]>
    </error>
  </testcase> <!-- Before_Test -->
  <testcase name="Smoke_Test_amazon_aax_home_screen_today_preload_adcall__iu" time="0.000" classname="twc.Automation.SmokeTestCases.smokeTestCases">
    <skipped/>
  </testcase> <!-- Smoke_Test_amazon_aax_home_screen_today_preload_adcall__iu -->
  <testcase name="Smoke_Test_amazon_aax_rader_card_preload_adcall" time="0.000" classname="twc.Automation.SmokeTestCases.smokeTestCases">
    <skipped/>
  </testcase> <!-- Smoke_Test_amazon_aax_rader_card_preload_adcall -->
  <testcase name="Smoke_Test_amazon_aax_AQ_card_preload_adcall" time="0.000" classname="twc.Automation.SmokeTestCases.smokeTestCases">
    <skipped/>
  </testcase> <!-- Smoke_Test_amazon_aax_AQ_card_preload_adcall -->
  <testcase name="Smoke_Test_amazon_aax_Hourly_preload_adcall" time="0.000" classname="twc.Automation.SmokeTestCases.smokeTestCases">
    <skipped/>
  </testcase> <!-- Smoke_Test_amazon_aax_Hourly_preload_adcall -->
  <testcase name="Smoke_Test_amazon_aax_Daily_preload_adcall" time="0.000" classname="twc.Automation.SmokeTestCases.smokeTestCases">
    <skipped/>
  </testcase> <!-- Smoke_Test_amazon_aax_Daily_preload_adcall -->
  <testcase name="Smoke_Test_amazon_aax_mapsdetails_preload_adcall" time="0.000" classname="twc.Automation.SmokeTestCases.smokeTestCases">
    <skipped/>
  </testcase> <!-- Smoke_Test_amazon_aax_mapsdetails_preload_adcall -->
  <testcase name="Smoke_Test_CaseVerify_Homescreen_ad_iu" time="0.000" classname="twc.Automation.SmokeTestCases.smokeTestCases">
    <skipped/>
  </testcase> <!-- Smoke_Test_CaseVerify_Homescreen_ad_iu -->
  <testcase name="Smoke_Test_CaseVerify_WeatherFXAPI_url" time="0.000" classname="twc.Automation.SmokeTestCases.smokeTestCases">
    <skipped/>
  </testcase> <!-- Smoke_Test_CaseVerify_WeatherFXAPI_url -->
  <testcase name="Smoke_Test_CaseVerify_turbo_url" time="0.000" classname="twc.Automation.SmokeTestCases.smokeTestCases">
    <skipped/>
  </testcase> <!-- Smoke_Test_CaseVerify_turbo_url -->
  <testcase name="Smoke_Test_CaseVerify_adcrwdcntrlnet_url" time="0.000" classname="twc.Automation.SmokeTestCases.smokeTestCases">
    <skipped/>
  </testcase> <!-- Smoke_Test_CaseVerify_adcrwdcntrlnet_url -->
  <testcase name="Smoke_Test_CaseVerify_Homescreen_marque_ad_iu" time="0.000" classname="twc.Automation.SmokeTestCases.smokeTestCases">
    <skipped/>
  </testcase> <!-- Smoke_Test_CaseVerify_Homescreen_marque_ad_iu -->
  <testcase name="Smoke_Test_Case_Verify_Video_adCalll" time="0.000" classname="twc.Automation.SmokeTestCases.smokeTestCases">
    <skipped/>
  </testcase> <!-- Smoke_Test_Case_Verify_Video_adCalll -->
  <testcase name="Smoke_Test_CaseVerify_Radar_Maps_feedcard_adcall" time="0.000" classname="twc.Automation.SmokeTestCases.smokeTestCases">
    <skipped/>
  </testcase> <!-- Smoke_Test_CaseVerify_Radar_Maps_feedcard_adcall -->
  <testcase name="Smoke_Test_CaseVerify_Radar_Maps_deatailscard_adcall" time="0.000" classname="twc.Automation.SmokeTestCases.smokeTestCases">
    <skipped/>
  </testcase> <!-- Smoke_Test_CaseVerify_Radar_Maps_deatailscard_adcall -->
  <testcase name="Smoke_Test_CaseVerify_Health_Activities_feed_adcall" time="0.000" classname="twc.Automation.SmokeTestCases.smokeTestCases">
    <skipped/>
  </testcase> <!-- Smoke_Test_CaseVerify_Health_Activities_feed_adcall -->
  <testcase name="Smoke_Test_Verify_health_and_activities_Running_spotlight_adcall_iu" time="0.000" classname="twc.Automation.SmokeTestCases.smokeTestCases">
    <skipped/>
  </testcase> <!-- Smoke_Test_Verify_health_and_activities_Running_spotlight_adcall_iu -->
  <testcase name="Smoke_Test_Verify_health_and_activities_Bot_beach_detailpage_adcall_iu" time="0.000" classname="twc.Automation.SmokeTestCases.smokeTestCases">
    <skipped/>
  </testcase> <!-- Smoke_Test_Verify_health_and_activities_Bot_beach_detailpage_adcall_iu -->
  <testcase name="Smoke_Test_Verify_health_and_activities_Allergy_detailpage_adcall_iu" time="0.000" classname="twc.Automation.SmokeTestCases.smokeTestCases">
    <skipped/>
  </testcase> <!-- Smoke_Test_Verify_health_and_activities_Allergy_detailpage_adcall_iu -->
  <testcase name="Smoke_Test_Verify_health_and_activities_cold_flu_Spotlight_adcall_iu" time="0.000" classname="twc.Automation.SmokeTestCases.smokeTestCases">
    <skipped/>
  </testcase> <!-- Smoke_Test_Verify_health_and_activities_cold_flu_Spotlight_adcall_iu -->
  <testcase name="Smoke_Test_Verify_SeasonalHub_detailpage_adcall_iu" time="0.000" classname="twc.Automation.SmokeTestCases.smokeTestCases">
    <skipped/>
  </testcase> <!-- Smoke_Test_Verify_SeasonalHub_detailpage_adcall_iu -->
  <testcase name="Smoke_Test_Verify_WatsonFlu_adcall" time="0.000" classname="twc.Automation.SmokeTestCases.smokeTestCases">
    <skipped/>
  </testcase> <!-- Smoke_Test_Verify_WatsonFlu_adcall -->
  <testcase name="Smoke_Test_Verify_amazon_aax_Running_Bigbanner_ad" time="0.000" classname="twc.Automation.SmokeTestCases.smokeTestCases">
    <skipped/>
  </testcase> <!-- Smoke_Test_Verify_amazon_aax_Running_Bigbanner_ad -->
  <testcase name="Smoke_Test_CaseVerify_seasonalhub_feed_adcall" time="0.000" classname="twc.Automation.SmokeTestCases.smokeTestCases">
    <skipped/>
  </testcase> <!-- Smoke_Test_CaseVerify_seasonalhub_feed_adcall -->
  <testcase name="Smoke_Test_Verify_health_and_activities_Air_Quality_detailpage_adcall_iu" time="0.000" classname="twc.Automation.SmokeTestCases.smokeTestCases">
    <skipped/>
  </testcase> <!-- Smoke_Test_Verify_health_and_activities_Air_Quality_detailpage_adcall_iu -->
  <testcase name="Smoke_Test_Verify_News_detailpage_adcall_iu" time="0.000" classname="twc.Automation.SmokeTestCases.smokeTestCases">
    <skipped/>
  </testcase> <!-- Smoke_Test_Verify_News_detailpage_adcall_iu -->
  <testcase name="Smoke_Test_Verify_News_hurricane_detail_adcall_iu" time="0.000" classname="twc.Automation.SmokeTestCases.smokeTestCases">
    <skipped/>
  </testcase> <!-- Smoke_Test_Verify_News_hurricane_detail_adcall_iu -->
  <testcase name="Smoke_Test_Verify_daily_card_adcall_iu" time="0.000" classname="twc.Automation.SmokeTestCases.smokeTestCases">
    <skipped/>
  </testcase> <!-- Smoke_Test_Verify_daily_card_adcall_iu -->
  <testcase name="Smoke_Test_CaseVerify_AQ_aax_amazon_adcalll" time="0.000" classname="twc.Automation.SmokeTestCases.smokeTestCases">
    <skipped/>
  </testcase> <!-- Smoke_Test_CaseVerify_AQ_aax_amazon_adcalll -->
  <testcase name="Smoke_Test_CaseVerify_news_aax_amazon_adcalll" time="0.000" classname="twc.Automation.SmokeTestCases.smokeTestCases">
    <skipped/>
  </testcase> <!-- Smoke_Test_CaseVerify_news_aax_amazon_adcalll -->
  <testcase name="Smoke_Test_Verify_hourly_detailpage_adcall_iu" time="0.000" classname="twc.Automation.SmokeTestCases.smokeTestCases">
    <skipped/>
  </testcase> <!-- Smoke_Test_Verify_hourly_detailpage_adcall_iu -->
  <testcase name="Smoke_Test_CaseVerify_hurricane_detal_aax_adcalll" time="0.000" classname="twc.Automation.SmokeTestCases.smokeTestCases">
    <skipped/>
  </testcase> <!-- Smoke_Test_CaseVerify_hurricane_detal_aax_adcalll -->
  <testcase name="Smoke_Test_Verify_PrivacyCard_onScreen" time="0.000" classname="twc.Automation.SmokeTestCases.smokeTestCases">
    <skipped/>
  </testcase> <!-- Smoke_Test_Verify_PrivacyCard_onScreen -->
  <testcase name="Smoke_Test_Selecting_Opt_out_mode_scenario" time="0.000" classname="twc.Automation.SmokeTestCases.smokeTestCases">
    <skipped/>
  </testcase> <!-- Smoke_Test_Selecting_Opt_out_mode_scenario -->
  <testcase name="Smoke_Test__Smoke_Test_Verifying_videoadcall_Optoutmode_scenario" time="0.000" classname="twc.Automation.SmokeTestCases.smokeTestCases">
    <skipped/>
  </testcase> <!-- Smoke_Test__Smoke_Test_Verifying_videoadcall_Optoutmode_scenario -->
  <testcase name="Smoke_Test_Verifying_Feedadcall_Optoutmode_scenario" time="0.000" classname="twc.Automation.SmokeTestCases.smokeTestCases">
    <skipped/>
  </testcase> <!-- Smoke_Test_Verifying_Feedadcall_Optoutmode_scenario -->
  <testcase name="Smoke_Test_Verifying_detailpageadcall_Optoutmode_scenario" time="0.000" classname="twc.Automation.SmokeTestCases.smokeTestCases">
    <skipped/>
  </testcase> <!-- Smoke_Test_Verifying_detailpageadcall_Optoutmode_scenario -->
  <testcase name="Smoke_Test__Verifying_Bcp_apicall_Optoutmode_scenario" time="0.000" classname="twc.Automation.SmokeTestCases.smokeTestCases">
    <skipped/>
  </testcase> <!-- Smoke_Test__Verifying_Bcp_apicall_Optoutmode_scenario -->
  <testcase name="Smoke_Test__Verifying_adcrw_apicall_Optoutmode_scenario" time="0.000" classname="twc.Automation.SmokeTestCases.smokeTestCases">
    <skipped/>
  </testcase> <!-- Smoke_Test__Verifying_adcrw_apicall_Optoutmode_scenario -->
  <testcase name="Smoke_Test__Verifying_locaion_apicall_Optoutmode_scenario" time="0.000" classname="twc.Automation.SmokeTestCases.smokeTestCases">
    <skipped/>
  </testcase> <!-- Smoke_Test__Verifying_locaion_apicall_Optoutmode_scenario -->
  <testcase name="Smoke_Test__Verifying_amaozn_aax_calls_Optoutmode_scenario" time="0.000" classname="twc.Automation.SmokeTestCases.smokeTestCases">
    <skipped/>
  </testcase> <!-- Smoke_Test__Verifying_amaozn_aax_calls_Optoutmode_scenario -->
  <testcase name="Smoke_Test__Verifying_homescreenhourly_calls_Optoutmode_scenario" time="0.000" classname="twc.Automation.SmokeTestCases.smokeTestCases">
    <skipped/>
  </testcase> <!-- Smoke_Test__Verifying_homescreenhourly_calls_Optoutmode_scenario -->
  <testcase name="Smoke_Test__Verifying_marqueehomescreecall_Optoutmode_scenario" time="0.000" classname="twc.Automation.SmokeTestCases.smokeTestCases">
    <skipped/>
  </testcase> <!-- Smoke_Test__Verifying_marqueehomescreecall_Optoutmode_scenario -->
  <testcase name="Smoke_Test_Verifying_SOD_Cust_Param_homescreenad_Optoutmode_scenario" time="0.000" classname="twc.Automation.SmokeTestCases.smokeTestCases">
    <skipped/>
  </testcase> <!-- Smoke_Test_Verifying_SOD_Cust_Param_homescreenad_Optoutmode_scenario -->
  <testcase name="Smoke_Test_Verifying_SOD_Cust_Param_Feedad_Optoutmode_scenario" time="0.000" classname="twc.Automation.SmokeTestCases.smokeTestCases">
    <skipped/>
  </testcase> <!-- Smoke_Test_Verifying_SOD_Cust_Param_Feedad_Optoutmode_scenario -->
  <testcase name="Smoke_Test_Verifying_SOD_Cust_Param_detail_Feedad_Optoutmode_scenario" time="0.000" classname="twc.Automation.SmokeTestCases.smokeTestCases">
    <skipped/>
  </testcase> <!-- Smoke_Test_Verifying_SOD_Cust_Param_detail_Feedad_Optoutmode_scenario -->
  <testcase name="Smoke_Test_Verifying_SOD_Cust_Param_videoad_Optoutmode_scenario" time="0.000" classname="twc.Automation.SmokeTestCases.smokeTestCases">
    <skipped/>
  </testcase> <!-- Smoke_Test_Verifying_SOD_Cust_Param_videoad_Optoutmode_scenario -->
  <testcase name="Smoke_Test_Verifying_RDP_value_homescreenad_Optoutmode_scenario" time="0.000" classname="twc.Automation.SmokeTestCases.smokeTestCases">
    <skipped/>
  </testcase> <!-- Smoke_Test_Verifying_RDP_value_homescreenad_Optoutmode_scenario -->
  <testcase name="Smoke_Test_Verifying_RDP_value_feedad_Optoutmode_scenario" time="0.000" classname="twc.Automation.SmokeTestCases.smokeTestCases">
    <skipped/>
  </testcase> <!-- Smoke_Test_Verifying_RDP_value_feedad_Optoutmode_scenario -->
  <testcase name="Smoke_Test_Verifying_RDP_value_detailed_feedad_Optoutmode_scenario" time="0.000" classname="twc.Automation.SmokeTestCases.smokeTestCases">
    <skipped/>
  </testcase> <!-- Smoke_Test_Verifying_RDP_value_detailed_feedad_Optoutmode_scenario -->
  <testcase name="Smoke_Test_Verifying_RDP_value_video_adcall_Optoutmode_scenario" time="0.000" classname="twc.Automation.SmokeTestCases.smokeTestCases">
    <skipped/>
  </testcase> <!-- Smoke_Test_Verifying_RDP_value_video_adcall_Optoutmode_scenario -->
  <testcase name="Smoke_Test_Selecting_Opt_in_mode_scenario" time="0.000" classname="twc.Automation.SmokeTestCases.smokeTestCases">
    <skipped/>
  </testcase> <!-- Smoke_Test_Selecting_Opt_in_mode_scenario -->
  <testcase name="Smoke_Test__Smoke_Test_Verifying_videoadcall_Optinmode_scenario" time="0.000" classname="twc.Automation.SmokeTestCases.smokeTestCases">
    <skipped/>
  </testcase> <!-- Smoke_Test__Smoke_Test_Verifying_videoadcall_Optinmode_scenario -->
  <testcase name="Smoke_Test_Verifying_Feedadcall_Optinmode_scenario" time="0.000" classname="twc.Automation.SmokeTestCases.smokeTestCases">
    <skipped/>
  </testcase> <!-- Smoke_Test_Verifying_Feedadcall_Optinmode_scenario -->
  <testcase name="Smoke_Test_Verifying_detailpageadcall_Optinmode_scenario" time="0.000" classname="twc.Automation.SmokeTestCases.smokeTestCases">
    <skipped/>
  </testcase> <!-- Smoke_Test_Verifying_detailpageadcall_Optinmode_scenario -->
  <testcase name="Smoke_Test__Verifying_Bcp_apicall_Optinmode_scenario" time="0.000" classname="twc.Automation.SmokeTestCases.smokeTestCases">
    <skipped/>
  </testcase> <!-- Smoke_Test__Verifying_Bcp_apicall_Optinmode_scenario -->
  <testcase name="Smoke_Test__Verifying_adcrw_apicall_Optinmode_scenario" time="0.000" classname="twc.Automation.SmokeTestCases.smokeTestCases">
    <skipped/>
  </testcase> <!-- Smoke_Test__Verifying_adcrw_apicall_Optinmode_scenario -->
  <testcase name="Smoke_Test__Verifying_locaion_apicall_Optinmode_scenario" time="0.000" classname="twc.Automation.SmokeTestCases.smokeTestCases">
    <skipped/>
  </testcase> <!-- Smoke_Test__Verifying_locaion_apicall_Optinmode_scenario -->
  <testcase name="Smoke_Test__Verifying_amaozn_aax_calls_Optinmode_scenario" time="0.000" classname="twc.Automation.SmokeTestCases.smokeTestCases">
    <skipped/>
  </testcase> <!-- Smoke_Test__Verifying_amaozn_aax_calls_Optinmode_scenario -->
  <testcase name="Smoke_Test__Verifying_homescreenhourly_calls_Optinmode_scenario" time="0.000" classname="twc.Automation.SmokeTestCases.smokeTestCases">
    <skipped/>
  </testcase> <!-- Smoke_Test__Verifying_homescreenhourly_calls_Optinmode_scenario -->
  <testcase name="Smoke_Test__Verifying_marqueehomescreecall_Optinmode_scenario" time="0.000" classname="twc.Automation.SmokeTestCases.smokeTestCases">
    <skipped/>
  </testcase> <!-- Smoke_Test__Verifying_marqueehomescreecall_Optinmode_scenario -->
  <testcase name="Smoke_Test_Verifying_SOD_Cust_Param_homescreenad_Optinmode_scenario" time="0.000" classname="twc.Automation.SmokeTestCases.smokeTestCases">
    <skipped/>
  </testcase> <!-- Smoke_Test_Verifying_SOD_Cust_Param_homescreenad_Optinmode_scenario -->
  <testcase name="Smoke_Test_Verifying_SOD_Cust_Param_Feedad_Optinmode_scenario" time="0.000" classname="twc.Automation.SmokeTestCases.smokeTestCases">
    <skipped/>
  </testcase> <!-- Smoke_Test_Verifying_SOD_Cust_Param_Feedad_Optinmode_scenario -->
  <testcase name="Smoke_Test_Verifying_SOD_Cust_Param_detail_Feedad_Optinmode_scenario" time="0.000" classname="twc.Automation.SmokeTestCases.smokeTestCases">
    <skipped/>
  </testcase> <!-- Smoke_Test_Verifying_SOD_Cust_Param_detail_Feedad_Optinmode_scenario -->
  <testcase name="Smoke_Test_Verifying_SOD_Cust_Param_videoad_Optinmode_scenario" time="0.000" classname="twc.Automation.SmokeTestCases.smokeTestCases">
    <skipped/>
  </testcase> <!-- Smoke_Test_Verifying_SOD_Cust_Param_videoad_Optinmode_scenario -->
  <testcase name="Smoke_Test_Verifying_RDP_value_homescreenad_Optinmode_scenario" time="0.000" classname="twc.Automation.SmokeTestCases.smokeTestCases">
    <skipped/>
  </testcase> <!-- Smoke_Test_Verifying_RDP_value_homescreenad_Optinmode_scenario -->
  <testcase name="Smoke_Test_Verifying_RDP_value_feedad_Optinmode_scenario" time="0.000" classname="twc.Automation.SmokeTestCases.smokeTestCases">
    <skipped/>
  </testcase> <!-- Smoke_Test_Verifying_RDP_value_feedad_Optinmode_scenario -->
  <testcase name="Smoke_Test_Verifying_RDP_value_detailed_feedad_Optinmode_scenario" time="0.000" classname="twc.Automation.SmokeTestCases.smokeTestCases">
    <skipped/>
  </testcase> <!-- Smoke_Test_Verifying_RDP_value_detailed_feedad_Optinmode_scenario -->
  <testcase name="Smoke_Test_Verifying_RDP_value_video_adcall_Optinmode_scenario" time="0.000" classname="twc.Automation.SmokeTestCases.smokeTestCases">
    <skipped/>
  </testcase> <!-- Smoke_Test_Verifying_RDP_value_video_adcall_Optinmode_scenario -->
  <testcase name="Smoke_Test_Verifying_homescreenhourly__backfromdetailedpage_scenario" time="0.000" classname="twc.Automation.SmokeTestCases.smokeTestCases">
    <skipped/>
  </testcase> <!-- Smoke_Test_Verifying_homescreenhourly__backfromdetailedpage_scenario -->
  <testcase name="Smoke_Test_Verifying_homescreenmarquee_backfromdetailedpage__scenario" time="0.000" classname="twc.Automation.SmokeTestCases.smokeTestCases">
    <skipped/>
  </testcase> <!-- Smoke_Test_Verifying_homescreenmarquee_backfromdetailedpage__scenario -->
  <testcase name="Smoke_Test_NextGen_IM_adunit" time="0.000" classname="twc.Automation.SmokeTestCases.smokeTestCases">
    <skipped/>
  </testcase> <!-- Smoke_Test_NextGen_IM_adunit -->
  <testcase name="Smoke_Test_verifying_NextGenIM_response" time="0.000" classname="twc.Automation.SmokeTestCases.smokeTestCases">
    <skipped/>
  </testcase> <!-- Smoke_Test_verifying_NextGenIM_response -->
  <testcase name="Smoke_Test_verifying_FG_BG_urls_NextgenIm_Ad" time="0.000" classname="twc.Automation.SmokeTestCases.smokeTestCases">
    <skipped/>
  </testcase> <!-- Smoke_Test_verifying_FG_BG_urls_NextgenIm_Ad -->
  <testcase name="Smoke_Test_verifying_Size_NextgenIm_Ad" time="0.000" classname="twc.Automation.SmokeTestCases.smokeTestCases">
    <skipped/>
  </testcase> <!-- Smoke_Test_verifying_Size_NextgenIm_Ad -->
  <testcase name="Smoke_Test_Verify_dailyIF_card_adcall_iu" time="0.000" classname="twc.Automation.SmokeTestCases.smokeTestCases">
    <skipped/>
  </testcase> <!-- Smoke_Test_Verify_dailyIF_card_adcall_iu -->
  <testcase name="Smoke_Test_verifying_DailyIFcardResponse" time="0.000" classname="twc.Automation.SmokeTestCases.smokeTestCases">
    <skipped/>
  </testcase> <!-- Smoke_Test_verifying_DailyIFcardResponse -->
  <testcase name="Smoke_Test_verifying_FG_BG_urls_DailyIF_Card" time="0.000" classname="twc.Automation.SmokeTestCases.smokeTestCases">
    <skipped/>
  </testcase> <!-- Smoke_Test_verifying_FG_BG_urls_DailyIF_Card -->
</testsuite> <!-- twc.Automation.SmokeTestCases.smokeTestCases -->
