<?xml version="1.0" encoding="UTF-8" ?>
<testsuite tests="32" failures="13" name="TestSuite" time="146.292" errors="0" skipped="0">
  <properties>
    <property name="java.runtime.name" value="Java(TM) SE Runtime Environment"/>
    <property name="sun.boot.library.path" value="/Library/Java/JavaVirtualMachines/jdk1.8.0_181.jdk/Contents/Home/jre/lib"/>
    <property name="java.vm.version" value="25.181-b13"/>
    <property name="user.country.format" value="IN"/>
    <property name="gopherProxySet" value="false"/>
    <property name="java.vm.vendor" value="Oracle Corporation"/>
    <property name="java.vendor.url" value="http://java.oracle.com/"/>
    <property name="path.separator" value=":"/>
    <property name="java.vm.name" value="Java HotSpot(TM) 64-Bit Server VM"/>
    <property name="file.encoding.pkg" value="sun.io"/>
    <property name="user.country" value="GB"/>
    <property name="sun.java.launcher" value="SUN_STANDARD"/>
    <property name="sun.os.patch.level" value="unknown"/>
    <property name="java.vm.specification.name" value="Java Virtual Machine Specification"/>
    <property name="user.dir" value="/Users/aswinikumar/Documents/adsandroid-automation-master/Android_Regression"/>
    <property name="java.runtime.version" value="1.8.0_181-b13"/>
    <property name="java.awt.graphicsenv" value="sun.awt.CGraphicsEnvironment"/>
    <property name="basedir" value="/Users/aswinikumar/Documents/adsandroid-automation-master/Android_Regression"/>
    <property name="java.endorsed.dirs" value="/Library/Java/JavaVirtualMachines/jdk1.8.0_181.jdk/Contents/Home/jre/lib/endorsed"/>
    <property name="os.arch" value="x86_64"/>
    <property name="surefire.real.class.path" value="/var/folders/sq/6ytcx3fj2yd8dmgrjt1_jjm80000gn/T/surefirebooter7520207850014712857.jar:/Users/aswinikumar/.m2/repository/org/aspectj/aspectjweaver/1.8.13/aspectjweaver-1.8.13.jar"/>
    <property name="java.io.tmpdir" value="/var/folders/sq/6ytcx3fj2yd8dmgrjt1_jjm80000gn/T/"/>
    <property name="line.separator" value="
"/>
    <property name="java.vm.specification.vendor" value="Oracle Corporation"/>
    <property name="os.name" value="Mac OS X"/>
    <property name="sun.jnu.encoding" value="UTF-8"/>
    <property name="java.library.path" value="/Users/aswinikumar/Library/Java/Extensions:/Library/Java/Extensions:/Network/Library/Java/Extensions:/System/Library/Java/Extensions:/usr/lib/java:."/>
    <property name="surefire.test.class.path" value="/Users/aswinikumar/Documents/adsandroid-automation-master/Android_Regression/target/test-classes:/Users/aswinikumar/Documents/adsandroid-automation-master/Android_Regression/target/classes:/Users/aswinikumar/.m2/repository/junit/junit/3.8.1/junit-3.8.1.jar:/Users/aswinikumar/.m2/repository/org/testng/testng/6.9.4/testng-6.9.4.jar:/Users/aswinikumar/.m2/repository/org/beanshell/bsh/2.0b4/bsh-2.0b4.jar:/Users/aswinikumar/.m2/repository/com/beust/jcommander/1.48/jcommander-1.48.jar:/Users/aswinikumar/.m2/repository/org/seleniumhq/selenium/selenium-java/2.51.0/selenium-java-2.51.0.jar:/Users/aswinikumar/.m2/repository/org/seleniumhq/selenium/selenium-chrome-driver/2.51.0/selenium-chrome-driver-2.51.0.jar:/Users/aswinikumar/.m2/repository/org/seleniumhq/selenium/selenium-edge-driver/2.51.0/selenium-edge-driver-2.51.0.jar:/Users/aswinikumar/.m2/repository/org/seleniumhq/selenium/selenium-htmlunit-driver/2.51.0/selenium-htmlunit-driver-2.51.0.jar:/Users/aswinikumar/.m2/repository/net/sourceforge/htmlunit/htmlunit/2.18/htmlunit-2.18.jar:/Users/aswinikumar/.m2/repository/xalan/xalan/2.7.2/xalan-2.7.2.jar:/Users/aswinikumar/.m2/repository/xalan/serializer/2.7.2/serializer-2.7.2.jar:/Users/aswinikumar/.m2/repository/org/apache/commons/commons-lang3/3.4/commons-lang3-3.4.jar:/Users/aswinikumar/.m2/repository/org/apache/httpcomponents/httpmime/4.5/httpmime-4.5.jar:/Users/aswinikumar/.m2/repository/net/sourceforge/htmlunit/htmlunit-core-js/2.17/htmlunit-core-js-2.17.jar:/Users/aswinikumar/.m2/repository/xerces/xercesImpl/2.11.0/xercesImpl-2.11.0.jar:/Users/aswinikumar/.m2/repository/xml-apis/xml-apis/1.4.01/xml-apis-1.4.01.jar:/Users/aswinikumar/.m2/repository/net/sourceforge/nekohtml/nekohtml/1.9.22/nekohtml-1.9.22.jar:/Users/aswinikumar/.m2/repository/net/sourceforge/cssparser/cssparser/0.9.16/cssparser-0.9.16.jar:/Users/aswinikumar/.m2/repository/org/w3c/css/sac/1.3/sac-1.3.jar:/Users/aswinikumar/.m2/repository/org/eclipse/jetty/websocket/websocket-client/9.2.12.v20150709/websocket-client-9.2.12.v20150709.jar:/Users/aswinikumar/.m2/repository/org/eclipse/jetty/jetty-util/9.2.12.v20150709/jetty-util-9.2.12.v20150709.jar:/Users/aswinikumar/.m2/repository/org/eclipse/jetty/jetty-io/9.2.12.v20150709/jetty-io-9.2.12.v20150709.jar:/Users/aswinikumar/.m2/repository/org/eclipse/jetty/websocket/websocket-common/9.2.12.v20150709/websocket-common-9.2.12.v20150709.jar:/Users/aswinikumar/.m2/repository/org/eclipse/jetty/websocket/websocket-api/9.2.12.v20150709/websocket-api-9.2.12.v20150709.jar:/Users/aswinikumar/.m2/repository/commons-collections/commons-collections/3.2.2/commons-collections-3.2.2.jar:/Users/aswinikumar/.m2/repository/org/seleniumhq/selenium/selenium-ie-driver/2.51.0/selenium-ie-driver-2.51.0.jar:/Users/aswinikumar/.m2/repository/net/java/dev/jna/jna/4.1.0/jna-4.1.0.jar:/Users/aswinikumar/.m2/repository/net/java/dev/jna/jna-platform/4.1.0/jna-platform-4.1.0.jar:/Users/aswinikumar/.m2/repository/org/seleniumhq/selenium/selenium-safari-driver/2.51.0/selenium-safari-driver-2.51.0.jar:/Users/aswinikumar/.m2/repository/org/seleniumhq/selenium/selenium-support/2.51.0/selenium-support-2.51.0.jar:/Users/aswinikumar/.m2/repository/org/webbitserver/webbit/0.4.14/webbit-0.4.14.jar:/Users/aswinikumar/.m2/repository/io/netty/netty/3.5.2.Final/netty-3.5.2.Final.jar:/Users/aswinikumar/.m2/repository/org/seleniumhq/selenium/selenium-leg-rc/2.51.0/selenium-leg-rc-2.51.0.jar:/Users/aswinikumar/.m2/repository/org/seleniumhq/selenium/selenium-firefox-driver/2.51.0/selenium-firefox-driver-2.51.0.jar:/Users/aswinikumar/.m2/repository/org/seleniumhq/selenium/selenium-remote-driver/2.51.0/selenium-remote-driver-2.51.0.jar:/Users/aswinikumar/.m2/repository/cglib/cglib-nodep/2.1_3/cglib-nodep-2.1_3.jar:/Users/aswinikumar/.m2/repository/org/seleniumhq/selenium/selenium-api/2.51.0/selenium-api-2.51.0.jar:/Users/aswinikumar/.m2/repository/commons-io/commons-io/2.4/commons-io-2.4.jar:/Users/aswinikumar/.m2/repository/org/apache/commons/commons-exec/1.3/commons-exec-1.3.jar:/Users/aswinikumar/.m2/repository/com/googlecode/json-simple/json-simple/1.1/json-simple-1.1.jar:/Users/aswinikumar/.m2/repository/org/apache/poi/poi/3.9/poi-3.9.jar:/Users/aswinikumar/.m2/repository/commons-codec/commons-codec/1.5/commons-codec-1.5.jar:/Users/aswinikumar/.m2/repository/io/appium/java-client/3.2.0/java-client-3.2.0.jar:/Users/aswinikumar/.m2/repository/com/google/code/gson/gson/2.2.4/gson-2.2.4.jar:/Users/aswinikumar/.m2/repository/org/apache/httpcomponents/httpclient/4.3.3/httpclient-4.3.3.jar:/Users/aswinikumar/.m2/repository/org/apache/httpcomponents/httpcore/4.3.2/httpcore-4.3.2.jar:/Users/aswinikumar/.m2/repository/commons-logging/commons-logging/1.1.3/commons-logging-1.1.3.jar:/Users/aswinikumar/.m2/repository/com/google/guava/guava/17.0/guava-17.0.jar:/Users/aswinikumar/.m2/repository/cglib/cglib/3.1/cglib-3.1.jar:/Users/aswinikumar/.m2/repository/org/ow2/asm/asm/4.2/asm-4.2.jar:/Users/aswinikumar/.m2/repository/commons-validator/commons-validator/1.4.1/commons-validator-1.4.1.jar:/Users/aswinikumar/.m2/repository/commons-beanutils/commons-beanutils/1.8.3/commons-beanutils-1.8.3.jar:/Users/aswinikumar/.m2/repository/commons-digester/commons-digester/1.8.1/commons-digester-1.8.1.jar:/Users/aswinikumar/.m2/repository/ru/yandex/qatools/allure/allure-testng-adaptor/1.5.4/allure-testng-adaptor-1.5.4.jar:/Users/aswinikumar/.m2/repository/ru/yandex/qatools/allure/allure-java-aspects/1.5.4/allure-java-aspects-1.5.4.jar:/Users/aswinikumar/.m2/repository/ru/yandex/qatools/allure/allure-java-adaptor-api/1.5.4/allure-java-adaptor-api-1.5.4.jar:/Users/aswinikumar/.m2/repository/ru/yandex/qatools/allure/allure-java-annotations/1.5.4/allure-java-annotations-1.5.4.jar:/Users/aswinikumar/.m2/repository/ru/yandex/qatools/allure/allure-model/1.5.4/allure-model-1.5.4.jar:/Users/aswinikumar/.m2/repository/org/jvnet/jaxb2_commons/jaxb2-basics-runtime/0.9.3/jaxb2-basics-runtime-0.9.3.jar:/Users/aswinikumar/.m2/repository/ru/qatools/commons/properties/2.0.RC5/properties-2.0.RC5.jar:/Users/aswinikumar/.m2/repository/org/slf4j/slf4j-api/1.7.12/slf4j-api-1.7.12.jar:/Users/aswinikumar/.m2/repository/org/apache/tika/tika-core/1.7/tika-core-1.7.jar:/Users/aswinikumar/.m2/repository/org/aspectj/aspectjrt/1.8.3/aspectjrt-1.8.3.jar:/Users/aswinikumar/.m2/repository/log4j/log4j/1.2.17/log4j-1.2.17.jar:"/>
    <property name="java.specification.name" value="Java Platform API Specification"/>
    <property name="java.class.version" value="52.0"/>
    <property name="sun.management.compiler" value="HotSpot 64-Bit Tiered Compilers"/>
    <property name="os.version" value="10.14.6"/>
    <property name="http.nonProxyHosts" value="local|*.local|169.254/16|*.169.254/16"/>
    <property name="user.home" value="/Users/aswinikumar"/>
    <property name="user.timezone" value="Asia/Kolkata"/>
    <property name="java.awt.printerjob" value="sun.lwawt.macosx.CPrinterJob"/>
    <property name="java.specification.version" value="1.8"/>
    <property name="file.encoding" value="UTF-8"/>
    <property name="user.name" value="aswinikumar"/>
    <property name="java.class.path" value="/Users/aswinikumar/Documents/adsandroid-automation-master/Android_Regression/target/test-classes:/Users/aswinikumar/Documents/adsandroid-automation-master/Android_Regression/target/classes:/Users/aswinikumar/.m2/repository/junit/junit/3.8.1/junit-3.8.1.jar:/Users/aswinikumar/.m2/repository/org/testng/testng/6.9.4/testng-6.9.4.jar:/Users/aswinikumar/.m2/repository/org/beanshell/bsh/2.0b4/bsh-2.0b4.jar:/Users/aswinikumar/.m2/repository/com/beust/jcommander/1.48/jcommander-1.48.jar:/Users/aswinikumar/.m2/repository/org/seleniumhq/selenium/selenium-java/2.51.0/selenium-java-2.51.0.jar:/Users/aswinikumar/.m2/repository/org/seleniumhq/selenium/selenium-chrome-driver/2.51.0/selenium-chrome-driver-2.51.0.jar:/Users/aswinikumar/.m2/repository/org/seleniumhq/selenium/selenium-edge-driver/2.51.0/selenium-edge-driver-2.51.0.jar:/Users/aswinikumar/.m2/repository/org/seleniumhq/selenium/selenium-htmlunit-driver/2.51.0/selenium-htmlunit-driver-2.51.0.jar:/Users/aswinikumar/.m2/repository/net/sourceforge/htmlunit/htmlunit/2.18/htmlunit-2.18.jar:/Users/aswinikumar/.m2/repository/xalan/xalan/2.7.2/xalan-2.7.2.jar:/Users/aswinikumar/.m2/repository/xalan/serializer/2.7.2/serializer-2.7.2.jar:/Users/aswinikumar/.m2/repository/org/apache/commons/commons-lang3/3.4/commons-lang3-3.4.jar:/Users/aswinikumar/.m2/repository/org/apache/httpcomponents/httpmime/4.5/httpmime-4.5.jar:/Users/aswinikumar/.m2/repository/net/sourceforge/htmlunit/htmlunit-core-js/2.17/htmlunit-core-js-2.17.jar:/Users/aswinikumar/.m2/repository/xerces/xercesImpl/2.11.0/xercesImpl-2.11.0.jar:/Users/aswinikumar/.m2/repository/xml-apis/xml-apis/1.4.01/xml-apis-1.4.01.jar:/Users/aswinikumar/.m2/repository/net/sourceforge/nekohtml/nekohtml/1.9.22/nekohtml-1.9.22.jar:/Users/aswinikumar/.m2/repository/net/sourceforge/cssparser/cssparser/0.9.16/cssparser-0.9.16.jar:/Users/aswinikumar/.m2/repository/org/w3c/css/sac/1.3/sac-1.3.jar:/Users/aswinikumar/.m2/repository/org/eclipse/jetty/websocket/websocket-client/9.2.12.v20150709/websocket-client-9.2.12.v20150709.jar:/Users/aswinikumar/.m2/repository/org/eclipse/jetty/jetty-util/9.2.12.v20150709/jetty-util-9.2.12.v20150709.jar:/Users/aswinikumar/.m2/repository/org/eclipse/jetty/jetty-io/9.2.12.v20150709/jetty-io-9.2.12.v20150709.jar:/Users/aswinikumar/.m2/repository/org/eclipse/jetty/websocket/websocket-common/9.2.12.v20150709/websocket-common-9.2.12.v20150709.jar:/Users/aswinikumar/.m2/repository/org/eclipse/jetty/websocket/websocket-api/9.2.12.v20150709/websocket-api-9.2.12.v20150709.jar:/Users/aswinikumar/.m2/repository/commons-collections/commons-collections/3.2.2/commons-collections-3.2.2.jar:/Users/aswinikumar/.m2/repository/org/seleniumhq/selenium/selenium-ie-driver/2.51.0/selenium-ie-driver-2.51.0.jar:/Users/aswinikumar/.m2/repository/net/java/dev/jna/jna/4.1.0/jna-4.1.0.jar:/Users/aswinikumar/.m2/repository/net/java/dev/jna/jna-platform/4.1.0/jna-platform-4.1.0.jar:/Users/aswinikumar/.m2/repository/org/seleniumhq/selenium/selenium-safari-driver/2.51.0/selenium-safari-driver-2.51.0.jar:/Users/aswinikumar/.m2/repository/org/seleniumhq/selenium/selenium-support/2.51.0/selenium-support-2.51.0.jar:/Users/aswinikumar/.m2/repository/org/webbitserver/webbit/0.4.14/webbit-0.4.14.jar:/Users/aswinikumar/.m2/repository/io/netty/netty/3.5.2.Final/netty-3.5.2.Final.jar:/Users/aswinikumar/.m2/repository/org/seleniumhq/selenium/selenium-leg-rc/2.51.0/selenium-leg-rc-2.51.0.jar:/Users/aswinikumar/.m2/repository/org/seleniumhq/selenium/selenium-firefox-driver/2.51.0/selenium-firefox-driver-2.51.0.jar:/Users/aswinikumar/.m2/repository/org/seleniumhq/selenium/selenium-remote-driver/2.51.0/selenium-remote-driver-2.51.0.jar:/Users/aswinikumar/.m2/repository/cglib/cglib-nodep/2.1_3/cglib-nodep-2.1_3.jar:/Users/aswinikumar/.m2/repository/org/seleniumhq/selenium/selenium-api/2.51.0/selenium-api-2.51.0.jar:/Users/aswinikumar/.m2/repository/commons-io/commons-io/2.4/commons-io-2.4.jar:/Users/aswinikumar/.m2/repository/org/apache/commons/commons-exec/1.3/commons-exec-1.3.jar:/Users/aswinikumar/.m2/repository/com/googlecode/json-simple/json-simple/1.1/json-simple-1.1.jar:/Users/aswinikumar/.m2/repository/org/apache/poi/poi/3.9/poi-3.9.jar:/Users/aswinikumar/.m2/repository/commons-codec/commons-codec/1.5/commons-codec-1.5.jar:/Users/aswinikumar/.m2/repository/io/appium/java-client/3.2.0/java-client-3.2.0.jar:/Users/aswinikumar/.m2/repository/com/google/code/gson/gson/2.2.4/gson-2.2.4.jar:/Users/aswinikumar/.m2/repository/org/apache/httpcomponents/httpclient/4.3.3/httpclient-4.3.3.jar:/Users/aswinikumar/.m2/repository/org/apache/httpcomponents/httpcore/4.3.2/httpcore-4.3.2.jar:/Users/aswinikumar/.m2/repository/commons-logging/commons-logging/1.1.3/commons-logging-1.1.3.jar:/Users/aswinikumar/.m2/repository/com/google/guava/guava/17.0/guava-17.0.jar:/Users/aswinikumar/.m2/repository/cglib/cglib/3.1/cglib-3.1.jar:/Users/aswinikumar/.m2/repository/org/ow2/asm/asm/4.2/asm-4.2.jar:/Users/aswinikumar/.m2/repository/commons-validator/commons-validator/1.4.1/commons-validator-1.4.1.jar:/Users/aswinikumar/.m2/repository/commons-beanutils/commons-beanutils/1.8.3/commons-beanutils-1.8.3.jar:/Users/aswinikumar/.m2/repository/commons-digester/commons-digester/1.8.1/commons-digester-1.8.1.jar:/Users/aswinikumar/.m2/repository/ru/yandex/qatools/allure/allure-testng-adaptor/1.5.4/allure-testng-adaptor-1.5.4.jar:/Users/aswinikumar/.m2/repository/ru/yandex/qatools/allure/allure-java-aspects/1.5.4/allure-java-aspects-1.5.4.jar:/Users/aswinikumar/.m2/repository/ru/yandex/qatools/allure/allure-java-adaptor-api/1.5.4/allure-java-adaptor-api-1.5.4.jar:/Users/aswinikumar/.m2/repository/ru/yandex/qatools/allure/allure-java-annotations/1.5.4/allure-java-annotations-1.5.4.jar:/Users/aswinikumar/.m2/repository/ru/yandex/qatools/allure/allure-model/1.5.4/allure-model-1.5.4.jar:/Users/aswinikumar/.m2/repository/org/jvnet/jaxb2_commons/jaxb2-basics-runtime/0.9.3/jaxb2-basics-runtime-0.9.3.jar:/Users/aswinikumar/.m2/repository/ru/qatools/commons/properties/2.0.RC5/properties-2.0.RC5.jar:/Users/aswinikumar/.m2/repository/org/slf4j/slf4j-api/1.7.12/slf4j-api-1.7.12.jar:/Users/aswinikumar/.m2/repository/org/apache/tika/tika-core/1.7/tika-core-1.7.jar:/Users/aswinikumar/.m2/repository/org/aspectj/aspectjrt/1.8.3/aspectjrt-1.8.3.jar:/Users/aswinikumar/.m2/repository/log4j/log4j/1.2.17/log4j-1.2.17.jar:"/>
    <property name="java.vm.specification.version" value="1.8"/>
    <property name="sun.arch.data.model" value="64"/>
    <property name="java.home" value="/Library/Java/JavaVirtualMachines/jdk1.8.0_181.jdk/Contents/Home/jre"/>
    <property name="sun.java.command" value="/var/folders/sq/6ytcx3fj2yd8dmgrjt1_jjm80000gn/T/surefirebooter7520207850014712857.jar /var/folders/sq/6ytcx3fj2yd8dmgrjt1_jjm80000gn/T/surefire2373974113214556070tmp /var/folders/sq/6ytcx3fj2yd8dmgrjt1_jjm80000gn/T/surefire1599005264772431906tmp"/>
    <property name="java.specification.vendor" value="Oracle Corporation"/>
    <property name="user.language" value="en"/>
    <property name="awt.toolkit" value="sun.lwawt.macosx.LWCToolkit"/>
    <property name="java.vm.info" value="mixed mode"/>
    <property name="java.version" value="1.8.0_181"/>
    <property name="java.ext.dirs" value="/Users/aswinikumar/Library/Java/Extensions:/Library/Java/JavaVirtualMachines/jdk1.8.0_181.jdk/Contents/Home/jre/lib/ext:/Library/Java/Extensions:/Network/Library/Java/Extensions:/System/Library/Java/Extensions:/usr/lib/java"/>
    <property name="sun.boot.class.path" value="/Library/Java/JavaVirtualMachines/jdk1.8.0_181.jdk/Contents/Home/jre/lib/resources.jar:/Library/Java/JavaVirtualMachines/jdk1.8.0_181.jdk/Contents/Home/jre/lib/rt.jar:/Library/Java/JavaVirtualMachines/jdk1.8.0_181.jdk/Contents/Home/jre/lib/sunrsasign.jar:/Library/Java/JavaVirtualMachines/jdk1.8.0_181.jdk/Contents/Home/jre/lib/jsse.jar:/Library/Java/JavaVirtualMachines/jdk1.8.0_181.jdk/Contents/Home/jre/lib/jce.jar:/Library/Java/JavaVirtualMachines/jdk1.8.0_181.jdk/Contents/Home/jre/lib/charsets.jar:/Library/Java/JavaVirtualMachines/jdk1.8.0_181.jdk/Contents/Home/jre/lib/jfr.jar:/Library/Java/JavaVirtualMachines/jdk1.8.0_181.jdk/Contents/Home/jre/classes"/>
    <property name="java.vendor" value="Oracle Corporation"/>
    <property name="localRepository" value="/Users/aswinikumar/.m2/repository"/>
    <property name="file.separator" value="/"/>
    <property name="java.vendor.url.bug" value="http://bugreport.sun.com/bugreport/"/>
    <property name="sun.cpu.endian" value="little"/>
    <property name="sun.io.unicode.encoding" value="UnicodeBig"/>
    <property name="socksNonProxyHosts" value="local|*.local|169.254/16|*.169.254/16"/>
    <property name="ftp.nonProxyHosts" value="local|*.local|169.254/16|*.169.254/16"/>
    <property name="sun.cpu.isalist" value=""/>
  </properties>
  <testcase classname="twc.Regression.TestCases.regressionTestCases" name="C333216_Verify_cust_param_cnd" time="10.328">
    <failure message="cnd Value not matched" type="java.lang.AssertionError">java.lang.AssertionError: cnd Value not matched
	at org.testng.Assert.fail(Assert.java:94)
	at twc.Regression.TestCases.Custom_Parameters_Verification.parameters_Verification(Custom_Parameters_Verification.java:192)
	at twc.Regression.TestCases.regressionTestCases.C333216_Verify_cust_param_cnd(regressionTestCases.java:176)
</failure>
    <system-out>XML File Name is : 10.13 latest.chlsx
================= Custom Parameter Cnd Verfication Started =========================
XML File Name is : 10.13 latest.chlsx
Ad name : iu=%2F7646%2Fapp_android_us%2Fdb_display%2Fhome_screen%2Fhourly
turbo call Value :: 26
pubAd call Value :: nl
Values are not matched
Result Fail
Values are not matched
Ad name : iu=%2F7646%2Fapp_android_us%2Fdb_display%2Fhome_screen%2Fmarquee
turbo call Value :: 26
pubAd call Value :: nl
Values are not matched
Result Fail
Values are not matched
Ad name : iu=%2F7646%2Fapp_android_us%2Fdb_display%2Fcard%2Fradar
turbo call Value :: 26
pubAd call Value :: nl
Values are not matched
Result Fail
Values are not matched
Ad name : iu=%2F7646%2Fapp_android_us%2Fdb_display%2Fcard%2Flifestyle
turbo call Value :: 26
pubAd call Value :: nl
Values are not matched
Result Fail
Values are not matched
Ad name : iu=%2F7646%2Fapp_android_us%2Fdb_display%2Fcard%2Fseason
turbo call Value :: 26
pubAd call Value :: nl
Values are not matched
Result Fail
Values are not matched
Ad name : iu=%2F7646%2Fapp_android_us%2Fdb_display%2Fcard%2Faq
turbo call Value :: 26
pubAd call Value :: nl
Values are not matched
Result Fail
Values are not matched
Ad name : iu=%2F7646%2Fapp_android_us%2Fdb_display%2Fdetails%2Fmaps
turbo call Value :: 26
pubAd call Value :: nl
Values are not matched
Result Fail
Values are not matched
Ad name : iu=%2F7646%2Fapp_android_us%2Fdb_display%2Fdetails%2Ftoday
turbo call Value :: 26
pubAd call Value :: nl
Values are not matched
Result Fail
Values are not matched
Ad name : iu=%2F7646%2Fapp_android_us%2Fdb_display%2Fdetails%2Fhourly
turbo call Value :: 26
pubAd call Value :: nl
Values are not matched
Result Fail
Values are not matched
Ad name : iu=%2F7646%2Fapp_android_us%2Fdb_display%2Fdetails%2F10day
turbo call Value :: 26
pubAd call Value :: nl
Values are not matched
Result Fail
</system-out>
    <system-err>SLF4J: Failed to load class &quot;org.slf4j.impl.StaticLoggerBinder&quot;.
SLF4J: Defaulting to no-operation (NOP) logger implementation
SLF4J: See http://www.slf4j.org/codes.html#StaticLoggerBinder for further details.
</system-err>
  </testcase>
  <testcase classname="twc.Regression.TestCases.regressionTestCases" name="C344257_Verify_Video_Url_Parameter_cmsid" time="0.848"/>
  <testcase classname="twc.Regression.TestCases.regressionTestCases" name="C344258_Verify_Video_Url_Parameter_ttid" time="0.921"/>
  <testcase classname="twc.Regression.TestCases.regressionTestCases" name="C344260_Verify_Video_Url_Parameter_lnid" time="0.835"/>
  <testcase classname="twc.Regression.TestCases.regressionTestCases" name="C344259_Verify_Video_Url_Parameter_vid" time="0.809"/>
  <testcase classname="twc.Regression.TestCases.regressionTestCases" name="C344261_Verify_Video_Url_Parameter_iu" time="0.845"/>
  <testcase classname="twc.Regression.TestCases.regressionTestCases" name="C344261_Verify_DescriptionURL_Video" time="0.625"/>
  <testcase classname="twc.Regression.TestCases.regressionTestCases" name="C344261_Verify_ContentURL_Video" time="0.662"/>
  <testcase classname="twc.Regression.TestCases.regressionTestCases" name="C333213_Verify_cust_param_adid" time="5.107">
    <failure message="adid Value not matched" type="java.lang.AssertionError">java.lang.AssertionError: adid Value not matched
	at org.testng.Assert.fail(Assert.java:94)
	at twc.Regression.TestCases.Custom_Parameters_Verification.parameters_Verification(Custom_Parameters_Verification.java:522)
	at twc.Regression.TestCases.regressionTestCases.C333213_Verify_cust_param_adid(regressionTestCases.java:87)
</failure>
    <system-out>================= Custom Parameter adid Verfication Started =========================
XML File Name is : 10.13 latest.chlsx
Ad name : iu=%2F7646%2Fapp_android_us%2Fdb_display%2Fhome_screen%2Fhourly
PubAd adid Data : nl
Result Fail
Values are not matched
Ad name : iu=%2F7646%2Fapp_android_us%2Fdb_display%2Fhome_screen%2Fmarquee
PubAd adid Data : nl
Result Fail
Values are not matched
Ad name : iu=%2F7646%2Fapp_android_us%2Fdb_display%2Fcard%2Fradar
PubAd adid Data : nl
Result Fail
Values are not matched
Ad name : iu=%2F7646%2Fapp_android_us%2Fdb_display%2Fcard%2Flifestyle
PubAd adid Data : nl
Result Fail
Values are not matched
Ad name : iu=%2F7646%2Fapp_android_us%2Fdb_display%2Fcard%2Fseason
PubAd adid Data : nl
Result Fail
Values are not matched
Ad name : iu=%2F7646%2Fapp_android_us%2Fdb_display%2Fcard%2Faq
PubAd adid Data : nl
Result Fail
Values are not matched
Ad name : iu=%2F7646%2Fapp_android_us%2Fdb_display%2Fdetails%2Fmaps
PubAd adid Data : nl
Result Fail
Values are not matched
Ad name : iu=%2F7646%2Fapp_android_us%2Fdb_display%2Fdetails%2Ftoday
PubAd adid Data : nl
Result Fail
Values are not matched
Ad name : iu=%2F7646%2Fapp_android_us%2Fdb_display%2Fdetails%2Fhourly
PubAd adid Data : nl
Result Fail
Values are not matched
Ad name : iu=%2F7646%2Fapp_android_us%2Fdb_display%2Fdetails%2F10day
PubAd adid Data : nl
Result Fail
</system-out>
  </testcase>
  <testcase classname="twc.Regression.TestCases.regressionTestCases" name="C333213_Verify_cust_param_aid" time="4.72">
    <failure message="aid Value not matched" type="java.lang.AssertionError">java.lang.AssertionError: aid Value not matched
	at org.testng.Assert.fail(Assert.java:94)
	at twc.Regression.TestCases.Custom_Parameters_Verification.parameters_Verification(Custom_Parameters_Verification.java:492)
	at twc.Regression.TestCases.regressionTestCases.C333213_Verify_cust_param_aid(regressionTestCases.java:96)
</failure>
    <system-out>================= Custom Parameter Aid Verfication Started =========================
XML File Name is : 10.13 latest.chlsx
Ad name : iu=%2F7646%2Fapp_android_us%2Fdb_display%2Fhome_screen%2Fhourly
PubAd aid Data : nl
Result Fail
Values are not matched
Ad name : iu=%2F7646%2Fapp_android_us%2Fdb_display%2Fhome_screen%2Fmarquee
PubAd aid Data : nl
Result Fail
Values are not matched
Ad name : iu=%2F7646%2Fapp_android_us%2Fdb_display%2Fcard%2Fradar
PubAd aid Data : nl
Result Fail
Values are not matched
Ad name : iu=%2F7646%2Fapp_android_us%2Fdb_display%2Fcard%2Flifestyle
PubAd aid Data : nl
Result Fail
Values are not matched
Ad name : iu=%2F7646%2Fapp_android_us%2Fdb_display%2Fcard%2Fseason
PubAd aid Data : nl
Result Fail
Values are not matched
Ad name : iu=%2F7646%2Fapp_android_us%2Fdb_display%2Fcard%2Faq
PubAd aid Data : nl
Result Fail
Values are not matched
Ad name : iu=%2F7646%2Fapp_android_us%2Fdb_display%2Fdetails%2Fmaps
PubAd aid Data : nl
Result Fail
Values are not matched
Ad name : iu=%2F7646%2Fapp_android_us%2Fdb_display%2Fdetails%2Ftoday
PubAd aid Data : nl
Result Fail
Values are not matched
Ad name : iu=%2F7646%2Fapp_android_us%2Fdb_display%2Fdetails%2Fhourly
PubAd aid Data : nl
Result Fail
Values are not matched
Ad name : iu=%2F7646%2Fapp_android_us%2Fdb_display%2Fdetails%2F10day
PubAd aid Data : nl
Result Fail
</system-out>
  </testcase>
  <testcase classname="twc.Regression.TestCases.regressionTestCases" name="C333219_Verify_cust_param_st" time="4.932"/>
  <testcase classname="twc.Regression.TestCases.regressionTestCases" name="C333200_Verify_cust_param_ord" time="5.042"/>
  <testcase classname="twc.Regression.TestCases.regressionTestCases" name="C333204_Verify_cust_param_rmid" time="4.914">
    <failure message="rmid Value not matched" type="java.lang.AssertionError">java.lang.AssertionError: rmid Value not matched
	at org.testng.Assert.fail(Assert.java:94)
	at twc.Regression.TestCases.Custom_Parameters_Verification.parameters_Verification(Custom_Parameters_Verification.java:585)
	at twc.Regression.TestCases.regressionTestCases.C333204_Verify_cust_param_rmid(regressionTestCases.java:123)
</failure>
    <system-out>================= Custom Parameter Rmid Verfication Started =========================
XML File Name is : 10.13 latest.chlsx
Ad name : iu=%2F7646%2Fapp_android_us%2Fdb_display%2Fhome_screen%2Fhourly
PubAd rmid Data : nl
Result Fail
Values are not matched
Ad name : iu=%2F7646%2Fapp_android_us%2Fdb_display%2Fhome_screen%2Fmarquee
PubAd rmid Data : nl
Result Fail
Values are not matched
Ad name : iu=%2F7646%2Fapp_android_us%2Fdb_display%2Fcard%2Fradar
PubAd rmid Data : nl
Result Fail
Values are not matched
Ad name : iu=%2F7646%2Fapp_android_us%2Fdb_display%2Fcard%2Flifestyle
PubAd rmid Data : nl
Result Fail
Values are not matched
Ad name : iu=%2F7646%2Fapp_android_us%2Fdb_display%2Fcard%2Fseason
PubAd rmid Data : nl
Result Fail
Values are not matched
Ad name : iu=%2F7646%2Fapp_android_us%2Fdb_display%2Fcard%2Faq
PubAd rmid Data : nl
Result Fail
Values are not matched
Ad name : iu=%2F7646%2Fapp_android_us%2Fdb_display%2Fdetails%2Fmaps
PubAd rmid Data : nl
Result Fail
Values are not matched
Ad name : iu=%2F7646%2Fapp_android_us%2Fdb_display%2Fdetails%2Ftoday
PubAd rmid Data : nl
Result Fail
Values are not matched
Ad name : iu=%2F7646%2Fapp_android_us%2Fdb_display%2Fdetails%2Fhourly
PubAd rmid Data : nl
Result Fail
Values are not matched
Ad name : iu=%2F7646%2Fapp_android_us%2Fdb_display%2Fdetails%2F10day
PubAd rmid Data : nl
Result Fail
</system-out>
  </testcase>
  <testcase classname="twc.Regression.TestCases.regressionTestCases" name="C333219_Verify_cust_param_ver" time="4.949"/>
  <testcase classname="twc.Regression.TestCases.regressionTestCases" name="C658711_Verify_cust_param_lang" time="4.774"/>
  <testcase classname="twc.Regression.TestCases.regressionTestCases" name="C658712_Verify_cust_param_plat" time="4.848"/>
  <testcase classname="twc.Regression.TestCases.regressionTestCases" name="C333218_Verify_cust_param_pos" time="4.758"/>
  <testcase classname="twc.Regression.TestCases.regressionTestCases" name="C333205_Verify_cust_param_tile" time="5.026"/>
  <testcase classname="twc.Regression.TestCases.regressionTestCases" name="C333212_Verify_cust_param_ct" time="5.494"/>
  <testcase classname="twc.Regression.TestCases.regressionTestCases" name="C333203_Verify_cust_param_dma" time="5.53"/>
  <testcase classname="twc.Regression.TestCases.regressionTestCases" name="C628160_Verify_Parameter_DyNght" time="1.003">
    <failure type="java.lang.NullPointerException">java.lang.NullPointerException
	at twc.Regression.CustomParamValidation.validate_CustomParameter.validate_Custom_Parameter(validate_CustomParameter.java:27)
	at twc.Regression.CustomParamValidation.CustomParamFunctions.validate_results(CustomParamFunctions.java:73)
	at twc.Regression.TestCases.Custom_Parameters_Verification.parameters_Verification(Custom_Parameters_Verification.java:609)
	at twc.Regression.TestCases.regressionTestCases.C628160_Verify_Parameter_DyNght(regressionTestCases.java:203)
</failure>
    <system-out>================= Custom Parameter DayNight Verfication Started =========================
XML File Name is : 10.13 latest.chlsx
Ad name : iu=%2F7646%2Fapp_android_us%2Fdb_display%2Fhome_screen%2Fhourly
</system-out>
  </testcase>
  <testcase classname="twc.Regression.TestCases.regressionTestCases" name="C333209_Verify_cust_param_cc" time="5.69"/>
  <testcase classname="twc.Regression.TestCases.regressionTestCases" name="C333232_Verify_cust_param_fhic" time="7.81">
    <failure message="fhic Value not matched" type="java.lang.AssertionError">java.lang.AssertionError: fhic Value not matched
	at org.testng.Assert.fail(Assert.java:94)
	at twc.Regression.TestCases.Custom_Parameters_Verification.parameters_Verification(Custom_Parameters_Verification.java:631)
	at twc.Regression.TestCases.regressionTestCases.C333232_Verify_cust_param_fhic(regressionTestCases.java:220)
</failure>
    <system-out>================= Custom Parameter Fhic Verfication Started =========================
XML File Name is : 10.13 latest.chlsx
Ad name : iu=%2F7646%2Fapp_android_us%2Fdb_display%2Fhome_screen%2Fhourly
Turbo call Value ::83
double value is::28.0
Expected Value ::28
Actual Value ::nl
Values are  not  matched
Result Fail
Values are not matched
Ad name : iu=%2F7646%2Fapp_android_us%2Fdb_display%2Fhome_screen%2Fmarquee
Turbo call Value ::83
double value is::28.0
Expected Value ::28
Actual Value ::nl
Values are  not  matched
Result Fail
Values are not matched
Ad name : iu=%2F7646%2Fapp_android_us%2Fdb_display%2Fcard%2Fradar
Turbo call Value ::83
double value is::28.0
Expected Value ::28
Actual Value ::nl
Values are  not  matched
Result Fail
Values are not matched
Ad name : iu=%2F7646%2Fapp_android_us%2Fdb_display%2Fcard%2Flifestyle
Turbo call Value ::83
double value is::28.0
Expected Value ::28
Actual Value ::nl
Values are  not  matched
Result Fail
Values are not matched
Ad name : iu=%2F7646%2Fapp_android_us%2Fdb_display%2Fcard%2Fseason
Turbo call Value ::83
double value is::28.0
Expected Value ::28
Actual Value ::nl
Values are  not  matched
Result Fail
Values are not matched
Ad name : iu=%2F7646%2Fapp_android_us%2Fdb_display%2Fcard%2Faq
Turbo call Value ::83
double value is::28.0
Expected Value ::28
Actual Value ::nl
Values are  not  matched
Result Fail
Values are not matched
Ad name : iu=%2F7646%2Fapp_android_us%2Fdb_display%2Fdetails%2Fmaps
Turbo call Value ::83
double value is::28.0
Expected Value ::28
Actual Value ::nl
Values are  not  matched
Result Fail
Values are not matched
Ad name : iu=%2F7646%2Fapp_android_us%2Fdb_display%2Fdetails%2Ftoday
Turbo call Value ::83
double value is::28.0
Expected Value ::28
Actual Value ::nl
Values are  not  matched
Result Fail
Values are not matched
Ad name : iu=%2F7646%2Fapp_android_us%2Fdb_display%2Fdetails%2Fhourly
Turbo call Value ::83
double value is::28.0
Expected Value ::28
Actual Value ::nl
Values are  not  matched
Result Fail
Values are not matched
Ad name : iu=%2F7646%2Fapp_android_us%2Fdb_display%2Fdetails%2F10day
Turbo call Value ::83
double value is::28.0
Expected Value ::28
Actual Value ::nl
Values are  not  matched
Result Fail
</system-out>
  </testcase>
  <testcase classname="twc.Regression.TestCases.regressionTestCases" name="C333238_Verify_cust_param_floc" time="8.146">
    <failure message="floc Value not matched" type="java.lang.AssertionError">java.lang.AssertionError: floc Value not matched
	at org.testng.Assert.fail(Assert.java:94)
	at twc.Regression.TestCases.Custom_Parameters_Verification.parameters_Verification(Custom_Parameters_Verification.java:641)
	at twc.Regression.TestCases.regressionTestCases.C333238_Verify_cust_param_floc(regressionTestCases.java:227)
</failure>
    <system-out>================= Custom Parameter Floc Verfication Started =========================
XML File Name is : 10.13 latest.chlsx
Ad name : iu=%2F7646%2Fapp_android_us%2Fdb_display%2Fhome_screen%2Fhourly
Turbo call Value ::68
double value is::20.0
Expected Value ::20
Actual Value ::nl
Values are  not  matched
Result Fail
Values are not matched
Ad name : iu=%2F7646%2Fapp_android_us%2Fdb_display%2Fhome_screen%2Fmarquee
Turbo call Value ::68
double value is::20.0
Expected Value ::20
Actual Value ::nl
Values are  not  matched
Result Fail
Values are not matched
Ad name : iu=%2F7646%2Fapp_android_us%2Fdb_display%2Fcard%2Fradar
Turbo call Value ::68
double value is::20.0
Expected Value ::20
Actual Value ::nl
Values are  not  matched
Result Fail
Values are not matched
Ad name : iu=%2F7646%2Fapp_android_us%2Fdb_display%2Fcard%2Flifestyle
Turbo call Value ::68
double value is::20.0
Expected Value ::20
Actual Value ::nl
Values are  not  matched
Result Fail
Values are not matched
Ad name : iu=%2F7646%2Fapp_android_us%2Fdb_display%2Fcard%2Fseason
Turbo call Value ::68
double value is::20.0
Expected Value ::20
Actual Value ::nl
Values are  not  matched
Result Fail
Values are not matched
Ad name : iu=%2F7646%2Fapp_android_us%2Fdb_display%2Fcard%2Faq
Turbo call Value ::68
double value is::20.0
Expected Value ::20
Actual Value ::nl
Values are  not  matched
Result Fail
Values are not matched
Ad name : iu=%2F7646%2Fapp_android_us%2Fdb_display%2Fdetails%2Fmaps
Turbo call Value ::68
double value is::20.0
Expected Value ::20
Actual Value ::nl
Values are  not  matched
Result Fail
Values are not matched
Ad name : iu=%2F7646%2Fapp_android_us%2Fdb_display%2Fdetails%2Ftoday
Turbo call Value ::68
double value is::20.0
Expected Value ::20
Actual Value ::nl
Values are  not  matched
Result Fail
Values are not matched
Ad name : iu=%2F7646%2Fapp_android_us%2Fdb_display%2Fdetails%2Fhourly
Turbo call Value ::68
double value is::20.0
Expected Value ::20
Actual Value ::nl
Values are  not  matched
Result Fail
Values are not matched
Ad name : iu=%2F7646%2Fapp_android_us%2Fdb_display%2Fdetails%2F10day
Turbo call Value ::68
double value is::20.0
Expected Value ::20
Actual Value ::nl
Values are  not  matched
Result Fail
</system-out>
  </testcase>
  <testcase classname="twc.Regression.TestCases.regressionTestCases" name="C333208_Verify_cust_param_tmp" time="8.231">
    <failure message="tmp Value not matched" type="java.lang.AssertionError">java.lang.AssertionError: tmp Value not matched
	at org.testng.Assert.fail(Assert.java:94)
	at twc.Regression.TestCases.Custom_Parameters_Verification.parameters_Verification(Custom_Parameters_Verification.java:169)
	at twc.Regression.TestCases.regressionTestCases.C333208_Verify_cust_param_tmp(regressionTestCases.java:235)
</failure>
    <system-out>================= Custom Parameter Tmp Verfication Started =========================
XML File Name is : 10.13 latest.chlsx
Ad name : iu=%2F7646%2Fapp_android_us%2Fdb_display%2Fhome_screen%2Fhourly
turbo call Value :: 69
pubAd call Value :: nl
Values are not matched
Result Fail
Values are not matched
Ad name : iu=%2F7646%2Fapp_android_us%2Fdb_display%2Fhome_screen%2Fmarquee
turbo call Value :: 69
pubAd call Value :: nl
Values are not matched
Result Fail
Values are not matched
Ad name : iu=%2F7646%2Fapp_android_us%2Fdb_display%2Fcard%2Fradar
turbo call Value :: 69
pubAd call Value :: nl
Values are not matched
Result Fail
Values are not matched
Ad name : iu=%2F7646%2Fapp_android_us%2Fdb_display%2Fcard%2Flifestyle
turbo call Value :: 69
pubAd call Value :: nl
Values are not matched
Result Fail
Values are not matched
Ad name : iu=%2F7646%2Fapp_android_us%2Fdb_display%2Fcard%2Fseason
turbo call Value :: 69
pubAd call Value :: nl
Values are not matched
Result Fail
Values are not matched
Ad name : iu=%2F7646%2Fapp_android_us%2Fdb_display%2Fcard%2Faq
turbo call Value :: 69
pubAd call Value :: nl
Values are not matched
Result Fail
Values are not matched
Ad name : iu=%2F7646%2Fapp_android_us%2Fdb_display%2Fdetails%2Fmaps
turbo call Value :: 69
pubAd call Value :: nl
Values are not matched
Result Fail
Values are not matched
Ad name : iu=%2F7646%2Fapp_android_us%2Fdb_display%2Fdetails%2Ftoday
turbo call Value :: 69
pubAd call Value :: nl
Values are not matched
Result Fail
Values are not matched
Ad name : iu=%2F7646%2Fapp_android_us%2Fdb_display%2Fdetails%2Fhourly
turbo call Value :: 69
pubAd call Value :: nl
Values are not matched
Result Fail
Values are not matched
Ad name : iu=%2F7646%2Fapp_android_us%2Fdb_display%2Fdetails%2F10day
turbo call Value :: 69
pubAd call Value :: nl
Values are not matched
Result Fail
</system-out>
  </testcase>
  <testcase classname="twc.Regression.TestCases.regressionTestCases" name="C333217_Verify_cust_param_tmpr" time="9.292">
    <failure message="tmpr Value not matched" type="java.lang.AssertionError">java.lang.AssertionError: tmpr Value not matched
	at org.testng.Assert.fail(Assert.java:94)
	at twc.Regression.TestCases.Custom_Parameters_Verification.parameters_Verification(Custom_Parameters_Verification.java:178)
	at twc.Regression.TestCases.regressionTestCases.C333217_Verify_cust_param_tmpr(regressionTestCases.java:242)
</failure>
    <system-out>================= Custom Parameter Tmpr Verfication Started =========================
XML File Name is : 10.13 latest.chlsx
Ad name : iu=%2F7646%2Fapp_android_us%2Fdb_display%2Fhome_screen%2Fhourly
turbo call Value :: 69
pubAd call Value :: nl
Values are not matched
Result Fail
Values are not matched
Ad name : iu=%2F7646%2Fapp_android_us%2Fdb_display%2Fhome_screen%2Fmarquee
turbo call Value :: 69
pubAd call Value :: nl
Values are not matched
Result Fail
Values are not matched
Ad name : iu=%2F7646%2Fapp_android_us%2Fdb_display%2Fcard%2Fradar
turbo call Value :: 69
pubAd call Value :: nl
Values are not matched
Result Fail
Values are not matched
Ad name : iu=%2F7646%2Fapp_android_us%2Fdb_display%2Fcard%2Flifestyle
turbo call Value :: 69
pubAd call Value :: nl
Values are not matched
Result Fail
Values are not matched
Ad name : iu=%2F7646%2Fapp_android_us%2Fdb_display%2Fcard%2Fseason
turbo call Value :: 69
pubAd call Value :: nl
Values are not matched
Result Fail
Values are not matched
Ad name : iu=%2F7646%2Fapp_android_us%2Fdb_display%2Fcard%2Faq
turbo call Value :: 69
pubAd call Value :: nl
Values are not matched
Result Fail
Values are not matched
Ad name : iu=%2F7646%2Fapp_android_us%2Fdb_display%2Fdetails%2Fmaps
turbo call Value :: 69
pubAd call Value :: nl
Values are not matched
Result Fail
Values are not matched
Ad name : iu=%2F7646%2Fapp_android_us%2Fdb_display%2Fdetails%2Ftoday
turbo call Value :: 69
pubAd call Value :: nl
Values are not matched
Result Fail
Values are not matched
Ad name : iu=%2F7646%2Fapp_android_us%2Fdb_display%2Fdetails%2Fhourly
turbo call Value :: 69
pubAd call Value :: nl
Values are not matched
Result Fail
Values are not matched
Ad name : iu=%2F7646%2Fapp_android_us%2Fdb_display%2Fdetails%2F10day
turbo call Value :: 69
pubAd call Value :: nl
Values are not matched
Result Fail
</system-out>
  </testcase>
  <testcase classname="twc.Regression.TestCases.regressionTestCases" name="C333239_Verify_cust_param_tmpc" time="8.779">
    <failure message="tmpc Value not matched" type="java.lang.AssertionError">java.lang.AssertionError: tmpc Value not matched
	at org.testng.Assert.fail(Assert.java:94)
	at twc.Regression.TestCases.Custom_Parameters_Verification.parameters_Verification(Custom_Parameters_Verification.java:247)
	at twc.Regression.TestCases.regressionTestCases.C333239_Verify_cust_param_tmpc(regressionTestCases.java:251)
</failure>
    <system-out>================= Custom Parameter Tmpc Verfication Started =========================
XML File Name is : 10.13 latest.chlsx
Ad name : iu=%2F7646%2Fapp_android_us%2Fdb_display%2Fhome_screen%2Fhourly
Turbo call Value ::69
double value is::21.0
Expected Value ::21
Actual Value ::nl
Values are  not  matched
Result Fail
Values are not matched
Ad name : iu=%2F7646%2Fapp_android_us%2Fdb_display%2Fhome_screen%2Fmarquee
Turbo call Value ::69
double value is::21.0
Expected Value ::21
Actual Value ::nl
Values are  not  matched
Result Fail
Values are not matched
Ad name : iu=%2F7646%2Fapp_android_us%2Fdb_display%2Fcard%2Fradar
Turbo call Value ::69
double value is::21.0
Expected Value ::21
Actual Value ::nl
Values are  not  matched
Result Fail
Values are not matched
Ad name : iu=%2F7646%2Fapp_android_us%2Fdb_display%2Fcard%2Flifestyle
Turbo call Value ::69
double value is::21.0
Expected Value ::21
Actual Value ::nl
Values are  not  matched
Result Fail
Values are not matched
Ad name : iu=%2F7646%2Fapp_android_us%2Fdb_display%2Fcard%2Fseason
Turbo call Value ::69
double value is::21.0
Expected Value ::21
Actual Value ::nl
Values are  not  matched
Result Fail
Values are not matched
Ad name : iu=%2F7646%2Fapp_android_us%2Fdb_display%2Fcard%2Faq
Turbo call Value ::69
double value is::21.0
Expected Value ::21
Actual Value ::nl
Values are  not  matched
Result Fail
Values are not matched
Ad name : iu=%2F7646%2Fapp_android_us%2Fdb_display%2Fdetails%2Fmaps
Turbo call Value ::69
double value is::21.0
Expected Value ::21
Actual Value ::nl
Values are  not  matched
Result Fail
Values are not matched
Ad name : iu=%2F7646%2Fapp_android_us%2Fdb_display%2Fdetails%2Ftoday
Turbo call Value ::69
double value is::21.0
Expected Value ::21
Actual Value ::nl
Values are  not  matched
Result Fail
Values are not matched
Ad name : iu=%2F7646%2Fapp_android_us%2Fdb_display%2Fdetails%2Fhourly
Turbo call Value ::69
double value is::21.0
Expected Value ::21
Actual Value ::nl
Values are  not  matched
Result Fail
Values are not matched
Ad name : iu=%2F7646%2Fapp_android_us%2Fdb_display%2Fdetails%2F10day
Turbo call Value ::69
double value is::21.0
Expected Value ::21
Actual Value ::nl
Values are  not  matched
Result Fail
</system-out>
  </testcase>
  <testcase classname="twc.Regression.TestCases.regressionTestCases" name="C333202_Verify_cust_param_zip" time="6.509"/>
  <testcase classname="twc.Regression.TestCases.regressionTestCases" name="C333228_Verify_cust_param_wfxtg" time="5.671"/>
  <testcase classname="twc.Regression.TestCases.regressionTestCases" name="C333214_Verify_cust_param_hlzip" time="5.753">
    <failure message="hlzip Value not matched" type="java.lang.AssertionError">java.lang.AssertionError: hlzip Value not matched
	at org.testng.Assert.fail(Assert.java:94)
	at twc.Regression.TestCases.Custom_Parameters_Verification.parameters_Verification(Custom_Parameters_Verification.java:393)
	at twc.Regression.TestCases.regressionTestCases.C333214_Verify_cust_param_hlzip(regressionTestCases.java:286)
</failure>
    <system-out>================= Custom Parameter Hlzip Verfication Started =========================
XML File Name is : 10.13 latest.chlsx
Ad name : iu=%2F7646%2Fapp_android_us%2Fdb_display%2Fhome_screen%2Fhourly
reading wfxg api call
PubAd hlzip Data : nl
WFXTG Call hlzip Data : 30303
Result Fail
Values are not matched
Ad name : iu=%2F7646%2Fapp_android_us%2Fdb_display%2Fhome_screen%2Fmarquee
reading wfxg api call
PubAd hlzip Data : nl
WFXTG Call hlzip Data : 30303
Result Fail
Values are not matched
Ad name : iu=%2F7646%2Fapp_android_us%2Fdb_display%2Fcard%2Fradar
reading wfxg api call
PubAd hlzip Data : nl
WFXTG Call hlzip Data : 30303
Result Fail
Values are not matched
Ad name : iu=%2F7646%2Fapp_android_us%2Fdb_display%2Fcard%2Flifestyle
reading wfxg api call
PubAd hlzip Data : nl
WFXTG Call hlzip Data : 30303
Result Fail
Values are not matched
Ad name : iu=%2F7646%2Fapp_android_us%2Fdb_display%2Fcard%2Fseason
reading wfxg api call
PubAd hlzip Data : nl
WFXTG Call hlzip Data : 30303
Result Fail
Values are not matched
Ad name : iu=%2F7646%2Fapp_android_us%2Fdb_display%2Fcard%2Faq
reading wfxg api call
PubAd hlzip Data : nl
WFXTG Call hlzip Data : 30303
Result Fail
Values are not matched
Ad name : iu=%2F7646%2Fapp_android_us%2Fdb_display%2Fdetails%2Fmaps
reading wfxg api call
PubAd hlzip Data : nl
WFXTG Call hlzip Data : 30303
Result Fail
Values are not matched
Ad name : iu=%2F7646%2Fapp_android_us%2Fdb_display%2Fdetails%2Ftoday
reading wfxg api call
PubAd hlzip Data : nl
WFXTG Call hlzip Data : 30303
Result Fail
Values are not matched
Ad name : iu=%2F7646%2Fapp_android_us%2Fdb_display%2Fdetails%2Fhourly
reading wfxg api call
PubAd hlzip Data : nl
WFXTG Call hlzip Data : 30303
Result Fail
Values are not matched
Ad name : iu=%2F7646%2Fapp_android_us%2Fdb_display%2Fdetails%2F10day
reading wfxg api call
PubAd hlzip Data : nl
WFXTG Call hlzip Data : 30303
Result Fail
</system-out>
  </testcase>
  <testcase classname="twc.Regression.TestCases.regressionTestCases" name="C333211_Verify_cust_param_locale" time="0.681">
    <failure type="Unexpected">Unexpected token RIGHT SQUARE(]) at position 11065.
	at org.json.simple.parser.JSONParser.parse(Unknown Source)
	at org.json.simple.parser.JSONParser.parse(Unknown Source)
	at org.json.simple.parser.JSONParser.parse(Unknown Source)
	at twc.Regression.CustomParamValidation.CustomParamFunctions.get_dsxcms_call_value(CustomParamFunctions.java:945)
	at twc.Regression.CustomParamValidation.CustomParamFunctions.validate_dsxcms_results(CustomParamFunctions.java:296)
	at twc.Regression.TestCases.Custom_Parameters_Verification.parameters_Verification(Custom_Parameters_Verification.java:380)
	at twc.Regression.TestCases.regressionTestCases.C333211_Verify_cust_param_locale(regressionTestCases.java:350)
</failure>
    <system-out>================= Custom Parameter Locale Verfication Started =========================
XML File Name is : 10.13 latest.chlsx
Ad name : iu=%2F7646%2Fapp_android_us%2Fdb_display%2Fhome_screen%2Fhourly
</system-out>
  </testcase>
  <testcase classname="twc.Regression.TestCases.regressionTestCases" name="C333223_Verify_cust_param_sev" time="0.613">
    <failure type="java.lang.NullPointerException">java.lang.NullPointerException
	at twc.Regression.CustomParamValidation.CustomParamFunctions.validate_results(CustomParamFunctions.java:46)
	at twc.Regression.TestCases.Custom_Parameters_Verification.parameters_Verification(Custom_Parameters_Verification.java:646)
	at twc.Regression.TestCases.regressionTestCases.C333223_Verify_cust_param_sev(regressionTestCases.java:360)
</failure>
    <system-out>================= Custom Parameter Sev Verfication Started =========================
XML File Name is : 10.13 latest.chlsx
Ad name : iu=%2F7646%2Fapp_android_us%2Fdb_display%2Fhome_screen%2Fhourly
</system-out>
  </testcase>
</testsuite>