<?xml version="1.0" encoding="UTF-8" ?>
<testsuite tests="34" failures="2" name="TestSuite" time="256.349" errors="0" skipped="0">
  <properties>
    <property name="java.runtime.name" value="Java(TM) SE Runtime Environment"/>
    <property name="sun.boot.library.path" value="/Library/Java/JavaVirtualMachines/jdk1.8.0_181.jdk/Contents/Home/jre/lib"/>
    <property name="java.vm.version" value="25.181-b13"/>
    <property name="user.country.format" value="IN"/>
    <property name="gopherProxySet" value="false"/>
    <property name="java.vm.vendor" value="Oracle Corporation"/>
    <property name="java.vendor.url" value="http://java.oracle.com/"/>
    <property name="path.separator" value=":"/>
    <property name="java.vm.name" value="Java HotSpot(TM) 64-Bit Server VM"/>
    <property name="file.encoding.pkg" value="sun.io"/>
    <property name="user.country" value="GB"/>
    <property name="sun.java.launcher" value="SUN_STANDARD"/>
    <property name="sun.os.patch.level" value="unknown"/>
    <property name="java.vm.specification.name" value="Java Virtual Machine Specification"/>
    <property name="user.dir" value="/Users/aswinikumar/Documents/adsandroid-automation-master/Android_Regression"/>
    <property name="java.runtime.version" value="1.8.0_181-b13"/>
    <property name="java.awt.graphicsenv" value="sun.awt.CGraphicsEnvironment"/>
    <property name="basedir" value="/Users/aswinikumar/Documents/adsandroid-automation-master/Android_Regression"/>
    <property name="java.endorsed.dirs" value="/Library/Java/JavaVirtualMachines/jdk1.8.0_181.jdk/Contents/Home/jre/lib/endorsed"/>
    <property name="os.arch" value="x86_64"/>
    <property name="surefire.real.class.path" value="/var/folders/sq/6ytcx3fj2yd8dmgrjt1_jjm80000gn/T/surefirebooter7953128602199073174.jar:/Users/aswinikumar/.m2/repository/org/aspectj/aspectjweaver/1.8.13/aspectjweaver-1.8.13.jar"/>
    <property name="java.io.tmpdir" value="/var/folders/sq/6ytcx3fj2yd8dmgrjt1_jjm80000gn/T/"/>
    <property name="line.separator" value="
"/>
    <property name="java.vm.specification.vendor" value="Oracle Corporation"/>
    <property name="os.name" value="Mac OS X"/>
    <property name="sun.jnu.encoding" value="UTF-8"/>
    <property name="java.library.path" value="/Users/aswinikumar/Library/Java/Extensions:/Library/Java/Extensions:/Network/Library/Java/Extensions:/System/Library/Java/Extensions:/usr/lib/java:."/>
    <property name="surefire.test.class.path" value="/Users/aswinikumar/Documents/adsandroid-automation-master/Android_Regression/target/test-classes:/Users/aswinikumar/Documents/adsandroid-automation-master/Android_Regression/target/classes:/Users/aswinikumar/.m2/repository/junit/junit/3.8.1/junit-3.8.1.jar:/Users/aswinikumar/.m2/repository/org/testng/testng/6.9.4/testng-6.9.4.jar:/Users/aswinikumar/.m2/repository/org/beanshell/bsh/2.0b4/bsh-2.0b4.jar:/Users/aswinikumar/.m2/repository/com/beust/jcommander/1.48/jcommander-1.48.jar:/Users/aswinikumar/.m2/repository/org/seleniumhq/selenium/selenium-java/2.51.0/selenium-java-2.51.0.jar:/Users/aswinikumar/.m2/repository/org/seleniumhq/selenium/selenium-chrome-driver/2.51.0/selenium-chrome-driver-2.51.0.jar:/Users/aswinikumar/.m2/repository/org/seleniumhq/selenium/selenium-edge-driver/2.51.0/selenium-edge-driver-2.51.0.jar:/Users/aswinikumar/.m2/repository/org/seleniumhq/selenium/selenium-htmlunit-driver/2.51.0/selenium-htmlunit-driver-2.51.0.jar:/Users/aswinikumar/.m2/repository/net/sourceforge/htmlunit/htmlunit/2.18/htmlunit-2.18.jar:/Users/aswinikumar/.m2/repository/xalan/xalan/2.7.2/xalan-2.7.2.jar:/Users/aswinikumar/.m2/repository/xalan/serializer/2.7.2/serializer-2.7.2.jar:/Users/aswinikumar/.m2/repository/org/apache/commons/commons-lang3/3.4/commons-lang3-3.4.jar:/Users/aswinikumar/.m2/repository/org/apache/httpcomponents/httpmime/4.5/httpmime-4.5.jar:/Users/aswinikumar/.m2/repository/net/sourceforge/htmlunit/htmlunit-core-js/2.17/htmlunit-core-js-2.17.jar:/Users/aswinikumar/.m2/repository/xerces/xercesImpl/2.11.0/xercesImpl-2.11.0.jar:/Users/aswinikumar/.m2/repository/xml-apis/xml-apis/1.4.01/xml-apis-1.4.01.jar:/Users/aswinikumar/.m2/repository/net/sourceforge/nekohtml/nekohtml/1.9.22/nekohtml-1.9.22.jar:/Users/aswinikumar/.m2/repository/net/sourceforge/cssparser/cssparser/0.9.16/cssparser-0.9.16.jar:/Users/aswinikumar/.m2/repository/org/w3c/css/sac/1.3/sac-1.3.jar:/Users/aswinikumar/.m2/repository/org/eclipse/jetty/websocket/websocket-client/9.2.12.v20150709/websocket-client-9.2.12.v20150709.jar:/Users/aswinikumar/.m2/repository/org/eclipse/jetty/jetty-util/9.2.12.v20150709/jetty-util-9.2.12.v20150709.jar:/Users/aswinikumar/.m2/repository/org/eclipse/jetty/jetty-io/9.2.12.v20150709/jetty-io-9.2.12.v20150709.jar:/Users/aswinikumar/.m2/repository/org/eclipse/jetty/websocket/websocket-common/9.2.12.v20150709/websocket-common-9.2.12.v20150709.jar:/Users/aswinikumar/.m2/repository/org/eclipse/jetty/websocket/websocket-api/9.2.12.v20150709/websocket-api-9.2.12.v20150709.jar:/Users/aswinikumar/.m2/repository/commons-collections/commons-collections/3.2.2/commons-collections-3.2.2.jar:/Users/aswinikumar/.m2/repository/org/seleniumhq/selenium/selenium-ie-driver/2.51.0/selenium-ie-driver-2.51.0.jar:/Users/aswinikumar/.m2/repository/net/java/dev/jna/jna/4.1.0/jna-4.1.0.jar:/Users/aswinikumar/.m2/repository/net/java/dev/jna/jna-platform/4.1.0/jna-platform-4.1.0.jar:/Users/aswinikumar/.m2/repository/org/seleniumhq/selenium/selenium-safari-driver/2.51.0/selenium-safari-driver-2.51.0.jar:/Users/aswinikumar/.m2/repository/org/seleniumhq/selenium/selenium-support/2.51.0/selenium-support-2.51.0.jar:/Users/aswinikumar/.m2/repository/org/webbitserver/webbit/0.4.14/webbit-0.4.14.jar:/Users/aswinikumar/.m2/repository/io/netty/netty/3.5.2.Final/netty-3.5.2.Final.jar:/Users/aswinikumar/.m2/repository/org/seleniumhq/selenium/selenium-leg-rc/2.51.0/selenium-leg-rc-2.51.0.jar:/Users/aswinikumar/.m2/repository/org/seleniumhq/selenium/selenium-firefox-driver/2.51.0/selenium-firefox-driver-2.51.0.jar:/Users/aswinikumar/.m2/repository/org/seleniumhq/selenium/selenium-remote-driver/2.51.0/selenium-remote-driver-2.51.0.jar:/Users/aswinikumar/.m2/repository/cglib/cglib-nodep/2.1_3/cglib-nodep-2.1_3.jar:/Users/aswinikumar/.m2/repository/org/seleniumhq/selenium/selenium-api/2.51.0/selenium-api-2.51.0.jar:/Users/aswinikumar/.m2/repository/commons-io/commons-io/2.4/commons-io-2.4.jar:/Users/aswinikumar/.m2/repository/org/apache/commons/commons-exec/1.3/commons-exec-1.3.jar:/Users/aswinikumar/.m2/repository/com/googlecode/json-simple/json-simple/1.1/json-simple-1.1.jar:/Users/aswinikumar/.m2/repository/org/apache/poi/poi/3.9/poi-3.9.jar:/Users/aswinikumar/.m2/repository/commons-codec/commons-codec/1.5/commons-codec-1.5.jar:/Users/aswinikumar/.m2/repository/io/appium/java-client/3.2.0/java-client-3.2.0.jar:/Users/aswinikumar/.m2/repository/com/google/code/gson/gson/2.2.4/gson-2.2.4.jar:/Users/aswinikumar/.m2/repository/org/apache/httpcomponents/httpclient/4.3.3/httpclient-4.3.3.jar:/Users/aswinikumar/.m2/repository/org/apache/httpcomponents/httpcore/4.3.2/httpcore-4.3.2.jar:/Users/aswinikumar/.m2/repository/commons-logging/commons-logging/1.1.3/commons-logging-1.1.3.jar:/Users/aswinikumar/.m2/repository/com/google/guava/guava/17.0/guava-17.0.jar:/Users/aswinikumar/.m2/repository/cglib/cglib/3.1/cglib-3.1.jar:/Users/aswinikumar/.m2/repository/org/ow2/asm/asm/4.2/asm-4.2.jar:/Users/aswinikumar/.m2/repository/commons-validator/commons-validator/1.4.1/commons-validator-1.4.1.jar:/Users/aswinikumar/.m2/repository/commons-beanutils/commons-beanutils/1.8.3/commons-beanutils-1.8.3.jar:/Users/aswinikumar/.m2/repository/commons-digester/commons-digester/1.8.1/commons-digester-1.8.1.jar:/Users/aswinikumar/.m2/repository/ru/yandex/qatools/allure/allure-testng-adaptor/1.5.4/allure-testng-adaptor-1.5.4.jar:/Users/aswinikumar/.m2/repository/ru/yandex/qatools/allure/allure-java-aspects/1.5.4/allure-java-aspects-1.5.4.jar:/Users/aswinikumar/.m2/repository/ru/yandex/qatools/allure/allure-java-adaptor-api/1.5.4/allure-java-adaptor-api-1.5.4.jar:/Users/aswinikumar/.m2/repository/ru/yandex/qatools/allure/allure-java-annotations/1.5.4/allure-java-annotations-1.5.4.jar:/Users/aswinikumar/.m2/repository/ru/yandex/qatools/allure/allure-model/1.5.4/allure-model-1.5.4.jar:/Users/aswinikumar/.m2/repository/org/jvnet/jaxb2_commons/jaxb2-basics-runtime/0.9.3/jaxb2-basics-runtime-0.9.3.jar:/Users/aswinikumar/.m2/repository/ru/qatools/commons/properties/2.0.RC5/properties-2.0.RC5.jar:/Users/aswinikumar/.m2/repository/org/slf4j/slf4j-api/1.7.12/slf4j-api-1.7.12.jar:/Users/aswinikumar/.m2/repository/org/apache/tika/tika-core/1.7/tika-core-1.7.jar:/Users/aswinikumar/.m2/repository/org/aspectj/aspectjrt/1.8.3/aspectjrt-1.8.3.jar:/Users/aswinikumar/.m2/repository/log4j/log4j/1.2.17/log4j-1.2.17.jar:"/>
    <property name="java.specification.name" value="Java Platform API Specification"/>
    <property name="java.class.version" value="52.0"/>
    <property name="sun.management.compiler" value="HotSpot 64-Bit Tiered Compilers"/>
    <property name="os.version" value="10.14.6"/>
    <property name="http.nonProxyHosts" value="local|*.local|169.254/16|*.169.254/16"/>
    <property name="user.home" value="/Users/aswinikumar"/>
    <property name="user.timezone" value="Asia/Kolkata"/>
    <property name="java.awt.printerjob" value="sun.lwawt.macosx.CPrinterJob"/>
    <property name="java.specification.version" value="1.8"/>
    <property name="file.encoding" value="UTF-8"/>
    <property name="user.name" value="aswinikumar"/>
    <property name="java.class.path" value="/Users/aswinikumar/Documents/adsandroid-automation-master/Android_Regression/target/test-classes:/Users/aswinikumar/Documents/adsandroid-automation-master/Android_Regression/target/classes:/Users/aswinikumar/.m2/repository/junit/junit/3.8.1/junit-3.8.1.jar:/Users/aswinikumar/.m2/repository/org/testng/testng/6.9.4/testng-6.9.4.jar:/Users/aswinikumar/.m2/repository/org/beanshell/bsh/2.0b4/bsh-2.0b4.jar:/Users/aswinikumar/.m2/repository/com/beust/jcommander/1.48/jcommander-1.48.jar:/Users/aswinikumar/.m2/repository/org/seleniumhq/selenium/selenium-java/2.51.0/selenium-java-2.51.0.jar:/Users/aswinikumar/.m2/repository/org/seleniumhq/selenium/selenium-chrome-driver/2.51.0/selenium-chrome-driver-2.51.0.jar:/Users/aswinikumar/.m2/repository/org/seleniumhq/selenium/selenium-edge-driver/2.51.0/selenium-edge-driver-2.51.0.jar:/Users/aswinikumar/.m2/repository/org/seleniumhq/selenium/selenium-htmlunit-driver/2.51.0/selenium-htmlunit-driver-2.51.0.jar:/Users/aswinikumar/.m2/repository/net/sourceforge/htmlunit/htmlunit/2.18/htmlunit-2.18.jar:/Users/aswinikumar/.m2/repository/xalan/xalan/2.7.2/xalan-2.7.2.jar:/Users/aswinikumar/.m2/repository/xalan/serializer/2.7.2/serializer-2.7.2.jar:/Users/aswinikumar/.m2/repository/org/apache/commons/commons-lang3/3.4/commons-lang3-3.4.jar:/Users/aswinikumar/.m2/repository/org/apache/httpcomponents/httpmime/4.5/httpmime-4.5.jar:/Users/aswinikumar/.m2/repository/net/sourceforge/htmlunit/htmlunit-core-js/2.17/htmlunit-core-js-2.17.jar:/Users/aswinikumar/.m2/repository/xerces/xercesImpl/2.11.0/xercesImpl-2.11.0.jar:/Users/aswinikumar/.m2/repository/xml-apis/xml-apis/1.4.01/xml-apis-1.4.01.jar:/Users/aswinikumar/.m2/repository/net/sourceforge/nekohtml/nekohtml/1.9.22/nekohtml-1.9.22.jar:/Users/aswinikumar/.m2/repository/net/sourceforge/cssparser/cssparser/0.9.16/cssparser-0.9.16.jar:/Users/aswinikumar/.m2/repository/org/w3c/css/sac/1.3/sac-1.3.jar:/Users/aswinikumar/.m2/repository/org/eclipse/jetty/websocket/websocket-client/9.2.12.v20150709/websocket-client-9.2.12.v20150709.jar:/Users/aswinikumar/.m2/repository/org/eclipse/jetty/jetty-util/9.2.12.v20150709/jetty-util-9.2.12.v20150709.jar:/Users/aswinikumar/.m2/repository/org/eclipse/jetty/jetty-io/9.2.12.v20150709/jetty-io-9.2.12.v20150709.jar:/Users/aswinikumar/.m2/repository/org/eclipse/jetty/websocket/websocket-common/9.2.12.v20150709/websocket-common-9.2.12.v20150709.jar:/Users/aswinikumar/.m2/repository/org/eclipse/jetty/websocket/websocket-api/9.2.12.v20150709/websocket-api-9.2.12.v20150709.jar:/Users/aswinikumar/.m2/repository/commons-collections/commons-collections/3.2.2/commons-collections-3.2.2.jar:/Users/aswinikumar/.m2/repository/org/seleniumhq/selenium/selenium-ie-driver/2.51.0/selenium-ie-driver-2.51.0.jar:/Users/aswinikumar/.m2/repository/net/java/dev/jna/jna/4.1.0/jna-4.1.0.jar:/Users/aswinikumar/.m2/repository/net/java/dev/jna/jna-platform/4.1.0/jna-platform-4.1.0.jar:/Users/aswinikumar/.m2/repository/org/seleniumhq/selenium/selenium-safari-driver/2.51.0/selenium-safari-driver-2.51.0.jar:/Users/aswinikumar/.m2/repository/org/seleniumhq/selenium/selenium-support/2.51.0/selenium-support-2.51.0.jar:/Users/aswinikumar/.m2/repository/org/webbitserver/webbit/0.4.14/webbit-0.4.14.jar:/Users/aswinikumar/.m2/repository/io/netty/netty/3.5.2.Final/netty-3.5.2.Final.jar:/Users/aswinikumar/.m2/repository/org/seleniumhq/selenium/selenium-leg-rc/2.51.0/selenium-leg-rc-2.51.0.jar:/Users/aswinikumar/.m2/repository/org/seleniumhq/selenium/selenium-firefox-driver/2.51.0/selenium-firefox-driver-2.51.0.jar:/Users/aswinikumar/.m2/repository/org/seleniumhq/selenium/selenium-remote-driver/2.51.0/selenium-remote-driver-2.51.0.jar:/Users/aswinikumar/.m2/repository/cglib/cglib-nodep/2.1_3/cglib-nodep-2.1_3.jar:/Users/aswinikumar/.m2/repository/org/seleniumhq/selenium/selenium-api/2.51.0/selenium-api-2.51.0.jar:/Users/aswinikumar/.m2/repository/commons-io/commons-io/2.4/commons-io-2.4.jar:/Users/aswinikumar/.m2/repository/org/apache/commons/commons-exec/1.3/commons-exec-1.3.jar:/Users/aswinikumar/.m2/repository/com/googlecode/json-simple/json-simple/1.1/json-simple-1.1.jar:/Users/aswinikumar/.m2/repository/org/apache/poi/poi/3.9/poi-3.9.jar:/Users/aswinikumar/.m2/repository/commons-codec/commons-codec/1.5/commons-codec-1.5.jar:/Users/aswinikumar/.m2/repository/io/appium/java-client/3.2.0/java-client-3.2.0.jar:/Users/aswinikumar/.m2/repository/com/google/code/gson/gson/2.2.4/gson-2.2.4.jar:/Users/aswinikumar/.m2/repository/org/apache/httpcomponents/httpclient/4.3.3/httpclient-4.3.3.jar:/Users/aswinikumar/.m2/repository/org/apache/httpcomponents/httpcore/4.3.2/httpcore-4.3.2.jar:/Users/aswinikumar/.m2/repository/commons-logging/commons-logging/1.1.3/commons-logging-1.1.3.jar:/Users/aswinikumar/.m2/repository/com/google/guava/guava/17.0/guava-17.0.jar:/Users/aswinikumar/.m2/repository/cglib/cglib/3.1/cglib-3.1.jar:/Users/aswinikumar/.m2/repository/org/ow2/asm/asm/4.2/asm-4.2.jar:/Users/aswinikumar/.m2/repository/commons-validator/commons-validator/1.4.1/commons-validator-1.4.1.jar:/Users/aswinikumar/.m2/repository/commons-beanutils/commons-beanutils/1.8.3/commons-beanutils-1.8.3.jar:/Users/aswinikumar/.m2/repository/commons-digester/commons-digester/1.8.1/commons-digester-1.8.1.jar:/Users/aswinikumar/.m2/repository/ru/yandex/qatools/allure/allure-testng-adaptor/1.5.4/allure-testng-adaptor-1.5.4.jar:/Users/aswinikumar/.m2/repository/ru/yandex/qatools/allure/allure-java-aspects/1.5.4/allure-java-aspects-1.5.4.jar:/Users/aswinikumar/.m2/repository/ru/yandex/qatools/allure/allure-java-adaptor-api/1.5.4/allure-java-adaptor-api-1.5.4.jar:/Users/aswinikumar/.m2/repository/ru/yandex/qatools/allure/allure-java-annotations/1.5.4/allure-java-annotations-1.5.4.jar:/Users/aswinikumar/.m2/repository/ru/yandex/qatools/allure/allure-model/1.5.4/allure-model-1.5.4.jar:/Users/aswinikumar/.m2/repository/org/jvnet/jaxb2_commons/jaxb2-basics-runtime/0.9.3/jaxb2-basics-runtime-0.9.3.jar:/Users/aswinikumar/.m2/repository/ru/qatools/commons/properties/2.0.RC5/properties-2.0.RC5.jar:/Users/aswinikumar/.m2/repository/org/slf4j/slf4j-api/1.7.12/slf4j-api-1.7.12.jar:/Users/aswinikumar/.m2/repository/org/apache/tika/tika-core/1.7/tika-core-1.7.jar:/Users/aswinikumar/.m2/repository/org/aspectj/aspectjrt/1.8.3/aspectjrt-1.8.3.jar:/Users/aswinikumar/.m2/repository/log4j/log4j/1.2.17/log4j-1.2.17.jar:"/>
    <property name="java.vm.specification.version" value="1.8"/>
    <property name="sun.arch.data.model" value="64"/>
    <property name="java.home" value="/Library/Java/JavaVirtualMachines/jdk1.8.0_181.jdk/Contents/Home/jre"/>
    <property name="sun.java.command" value="/var/folders/sq/6ytcx3fj2yd8dmgrjt1_jjm80000gn/T/surefirebooter7953128602199073174.jar /var/folders/sq/6ytcx3fj2yd8dmgrjt1_jjm80000gn/T/surefire7991253725773827873tmp /var/folders/sq/6ytcx3fj2yd8dmgrjt1_jjm80000gn/T/surefire6441010747767061020tmp"/>
    <property name="java.specification.vendor" value="Oracle Corporation"/>
    <property name="user.language" value="en"/>
    <property name="awt.toolkit" value="sun.lwawt.macosx.LWCToolkit"/>
    <property name="java.vm.info" value="mixed mode"/>
    <property name="java.version" value="1.8.0_181"/>
    <property name="java.ext.dirs" value="/Users/aswinikumar/Library/Java/Extensions:/Library/Java/JavaVirtualMachines/jdk1.8.0_181.jdk/Contents/Home/jre/lib/ext:/Library/Java/Extensions:/Network/Library/Java/Extensions:/System/Library/Java/Extensions:/usr/lib/java"/>
    <property name="sun.boot.class.path" value="/Library/Java/JavaVirtualMachines/jdk1.8.0_181.jdk/Contents/Home/jre/lib/resources.jar:/Library/Java/JavaVirtualMachines/jdk1.8.0_181.jdk/Contents/Home/jre/lib/rt.jar:/Library/Java/JavaVirtualMachines/jdk1.8.0_181.jdk/Contents/Home/jre/lib/sunrsasign.jar:/Library/Java/JavaVirtualMachines/jdk1.8.0_181.jdk/Contents/Home/jre/lib/jsse.jar:/Library/Java/JavaVirtualMachines/jdk1.8.0_181.jdk/Contents/Home/jre/lib/jce.jar:/Library/Java/JavaVirtualMachines/jdk1.8.0_181.jdk/Contents/Home/jre/lib/charsets.jar:/Library/Java/JavaVirtualMachines/jdk1.8.0_181.jdk/Contents/Home/jre/lib/jfr.jar:/Library/Java/JavaVirtualMachines/jdk1.8.0_181.jdk/Contents/Home/jre/classes"/>
    <property name="java.vendor" value="Oracle Corporation"/>
    <property name="localRepository" value="/Users/aswinikumar/.m2/repository"/>
    <property name="file.separator" value="/"/>
    <property name="java.vendor.url.bug" value="http://bugreport.sun.com/bugreport/"/>
    <property name="sun.cpu.endian" value="little"/>
    <property name="sun.io.unicode.encoding" value="UnicodeBig"/>
    <property name="socksNonProxyHosts" value="local|*.local|169.254/16|*.169.254/16"/>
    <property name="ftp.nonProxyHosts" value="local|*.local|169.254/16|*.169.254/16"/>
    <property name="sun.cpu.isalist" value=""/>
  </properties>
  <testcase classname="twc.Regression.TestCases.regressionTestCases" name="C333216_Verify_cust_param_cnd" time="13.263"/>
  <testcase classname="twc.Regression.TestCases.regressionTestCases" name="C344257_Verify_Video_Url_Parameter_cmsid" time="0.449"/>
  <testcase classname="twc.Regression.TestCases.regressionTestCases" name="C344258_Verify_Video_Url_Parameter_ttid" time="0.448"/>
  <testcase classname="twc.Regression.TestCases.regressionTestCases" name="C344260_Verify_Video_Url_Parameter_lnid" time="0.506"/>
  <testcase classname="twc.Regression.TestCases.regressionTestCases" name="C344259_Verify_Video_Url_Parameter_vid" time="0.497"/>
  <testcase classname="twc.Regression.TestCases.regressionTestCases" name="C344261_Verify_Video_Url_Parameter_iu" time="0.501"/>
  <testcase classname="twc.Regression.TestCases.regressionTestCases" name="C344261_Verify_DescriptionURL_Video" time="0.368"/>
  <testcase classname="twc.Regression.TestCases.regressionTestCases" name="C344261_Verify_ContentURL_Video" time="0.351"/>
  <testcase classname="twc.Regression.TestCases.regressionTestCases" name="C658716_Verify_cust_param_tf" time="5.607"/>
  <testcase classname="twc.Regression.TestCases.regressionTestCases" name="C333213_Verify_cust_param_adid" time="8.209"/>
  <testcase classname="twc.Regression.TestCases.regressionTestCases" name="C333213_Verify_cust_param_aid" time="8.713"/>
  <testcase classname="twc.Regression.TestCases.regressionTestCases" name="C333219_Verify_cust_param_st" time="8.072"/>
  <testcase classname="twc.Regression.TestCases.regressionTestCases" name="C333200_Verify_cust_param_ord" time="8.183"/>
  <testcase classname="twc.Regression.TestCases.regressionTestCases" name="C333204_Verify_cust_param_rmid" time="8.32">
    <failure message="rmid Value not matched" type="java.lang.AssertionError">java.lang.AssertionError: rmid Value not matched
	at org.testng.Assert.fail(Assert.java:94)
	at twc.Regression.TestCases.Custom_Parameters_Verification.parameters_Verification(Custom_Parameters_Verification.java:585)
	at twc.Regression.TestCases.regressionTestCases.C333204_Verify_cust_param_rmid(regressionTestCases.java:123)
</failure>
    <system-out>================= Custom Parameter Rmid Verfication Started =========================
XML File Name is : charles202005272140_last.chlsx
Ad name : iu=%2F7646%2Fapp_android_us%2Fdb_display%2Fhome_screen%2Fhourly
PubAd rmid Data : nl
Result Fail
Values are not matched
Ad name : iu=%2F7646%2Fapp_android_us%2Fdb_display%2Fhome_screen%2Fmarquee
PubAd rmid Data : nl
Result Fail
Values are not matched
Ad name : iu=%2F7646%2Fapp_android_us%2Fdb_display%2Fcard%2Fradar
PubAd rmid Data : nl
Result Fail
Values are not matched
Ad name : iu=%2F7646%2Fapp_android_us%2Fdb_display%2Fcard%2Flifestyle
PubAd rmid Data : nl
Result Fail
Values are not matched
Ad name : iu=%2F7646%2Fapp_android_us%2Fdb_display%2Fcard%2Fseason
PubAd rmid Data : nl
Result Fail
Values are not matched
Ad name : iu=%2F7646%2Fapp_android_us%2Fdb_display%2Fcard%2Faq
PubAd rmid Data : nl
Result Fail
Values are not matched
Ad name : iu=%2F7646%2Fapp_android_us%2Fdb_display%2Fdetails%2Fmaps
PubAd rmid Data : nl
Result Fail
Values are not matched
Ad name : iu=%2F7646%2Fapp_android_us%2Fdb_display%2Fdetails%2Ftoday
PubAd rmid Data : nl
Result Fail
Values are not matched
Ad name : iu=%2F7646%2Fapp_android_us%2Fdb_display%2Fdetails%2Fhourly
PubAd rmid Data : nl
Result Fail
Values are not matched
Ad name : iu=%2F7646%2Fapp_android_us%2Fdb_display%2Fdetails%2F10day
PubAd rmid Data : nl
Result Fail
</system-out>
  </testcase>
  <testcase classname="twc.Regression.TestCases.regressionTestCases" name="C333219_Verify_cust_param_ver" time="8.491"/>
  <testcase classname="twc.Regression.TestCases.regressionTestCases" name="C658711_Verify_cust_param_lang" time="7.984"/>
  <testcase classname="twc.Regression.TestCases.regressionTestCases" name="C658712_Verify_cust_param_plat" time="8.049"/>
  <testcase classname="twc.Regression.TestCases.regressionTestCases" name="C333218_Verify_cust_param_pos" time="8.571"/>
  <testcase classname="twc.Regression.TestCases.regressionTestCases" name="C333205_Verify_cust_param_tile" time="8.041"/>
  <testcase classname="twc.Regression.TestCases.regressionTestCases" name="C333212_Verify_cust_param_ct" time="8.567"/>
  <testcase classname="twc.Regression.TestCases.regressionTestCases" name="C333203_Verify_cust_param_dma" time="9.312"/>
  <testcase classname="twc.Regression.TestCases.regressionTestCases" name="C628160_Verify_Parameter_DyNght" time="8.107"/>
  <testcase classname="twc.Regression.TestCases.regressionTestCases" name="C333209_Verify_cust_param_cc" time="8.865"/>
  <testcase classname="twc.Regression.TestCases.regressionTestCases" name="C333232_Verify_cust_param_fhic" time="11.349">
    <failure message="fhic Value not matched" type="java.lang.AssertionError">java.lang.AssertionError: fhic Value not matched
	at org.testng.Assert.fail(Assert.java:94)
	at twc.Regression.TestCases.Custom_Parameters_Verification.parameters_Verification(Custom_Parameters_Verification.java:631)
	at twc.Regression.TestCases.regressionTestCases.C333232_Verify_cust_param_fhic(regressionTestCases.java:220)
</failure>
    <system-out>================= Custom Parameter Fhic Verfication Started =========================
XML File Name is : charles202005272140_last.chlsx
Ad name : iu=%2F7646%2Fapp_android_us%2Fdb_display%2Fhome_screen%2Fhourly
Turbo call Value ::73
double value is::23.0
Expected Value ::23
Actual Value ::27
Values are  matched
Result Fail
Values are not matched
Ad name : iu=%2F7646%2Fapp_android_us%2Fdb_display%2Fhome_screen%2Fmarquee
Turbo call Value ::73
double value is::23.0
Expected Value ::23
Actual Value ::27
Values are  matched
Result Fail
Values are not matched
Ad name : iu=%2F7646%2Fapp_android_us%2Fdb_display%2Fcard%2Fradar
Turbo call Value ::73
double value is::23.0
Expected Value ::23
Actual Value ::nl
Values are  not  matched
Result Fail
Values are not matched
Ad name : iu=%2F7646%2Fapp_android_us%2Fdb_display%2Fcard%2Flifestyle
Turbo call Value ::73
double value is::23.0
Expected Value ::23
Actual Value ::27
Values are  matched
Result Fail
Values are not matched
Ad name : iu=%2F7646%2Fapp_android_us%2Fdb_display%2Fcard%2Fseason
Turbo call Value ::73
double value is::23.0
Expected Value ::23
Actual Value ::27
Values are  matched
Result Fail
Values are not matched
Ad name : iu=%2F7646%2Fapp_android_us%2Fdb_display%2Fcard%2Faq
Turbo call Value ::73
double value is::23.0
Expected Value ::23
Actual Value ::27
Values are  matched
Result Fail
Values are not matched
Ad name : iu=%2F7646%2Fapp_android_us%2Fdb_display%2Fdetails%2Fmaps
Turbo call Value ::73
double value is::23.0
Expected Value ::23
Actual Value ::nl
Values are  not  matched
Result Fail
Values are not matched
Ad name : iu=%2F7646%2Fapp_android_us%2Fdb_display%2Fdetails%2Ftoday
Turbo call Value ::73
double value is::23.0
Expected Value ::23
Actual Value ::27
Values are  matched
Result Fail
Values are not matched
Ad name : iu=%2F7646%2Fapp_android_us%2Fdb_display%2Fdetails%2Fhourly
Turbo call Value ::73
double value is::23.0
Expected Value ::23
Actual Value ::27
Values are  matched
Result Fail
Values are not matched
Ad name : iu=%2F7646%2Fapp_android_us%2Fdb_display%2Fdetails%2F10day
Turbo call Value ::73
double value is::23.0
Expected Value ::23
Actual Value ::27
Values are  matched
Result Fail
</system-out>
  </testcase>
  <testcase classname="twc.Regression.TestCases.regressionTestCases" name="C333238_Verify_cust_param_floc" time="10.799"/>
  <testcase classname="twc.Regression.TestCases.regressionTestCases" name="C333208_Verify_cust_param_tmp" time="11.292"/>
  <testcase classname="twc.Regression.TestCases.regressionTestCases" name="C333217_Verify_cust_param_tmpr" time="10.862"/>
  <testcase classname="twc.Regression.TestCases.regressionTestCases" name="C333239_Verify_cust_param_tmpc" time="10.416"/>
  <testcase classname="twc.Regression.TestCases.regressionTestCases" name="C333202_Verify_cust_param_zip" time="8.641"/>
  <testcase classname="twc.Regression.TestCases.regressionTestCases" name="C333221_Verify_cust_param_wind" time="10.307"/>
  <testcase classname="twc.Regression.TestCases.regressionTestCases" name="C333224_Verify_cust_param_uv" time="10.836"/>
  <testcase classname="twc.Regression.TestCases.regressionTestCases" name="C333232_Verify_cust_param_fltmpc" time="12.505"/>
  <testcase classname="twc.Regression.TestCases.regressionTestCases" name="C333228_Verify_cust_param_wfxtg" time="9.183"/>
  <testcase classname="twc.Regression.TestCases.regressionTestCases" name="C333211_Verify_cust_param_locale" time="8.938"/>
</testsuite>