<?xml version="1.0" encoding="UTF-8"?>
<!-- Generated by org.testng.reporters.JUnitReportReporter -->
<testsuite hostname="Aswinikumars-MacBook-Pro.local" name="twc.Regression.TestCases.regressionTestCases" tests="34" failures="2" timestamp="28 May 2020 07:51:29 GMT" time="254.601" errors="0">
  <testcase name="C333218_Verify_cust_param_pos" time="8.571" classname="twc.Regression.TestCases.regressionTestCases"/>
  <testcase name="C333203_Verify_cust_param_dma" time="9.312" classname="twc.Regression.TestCases.regressionTestCases"/>
  <testcase name="C333232_Verify_cust_param_fhic" time="11.349" classname="twc.Regression.TestCases.regressionTestCases">
    <failure type="java.lang.AssertionError" message="fhic Value not matched">
      <![CDATA[java.lang.AssertionError: fhic Value not matched
	at org.testng.Assert.fail(Assert.java:94)
	at twc.Regression.TestCases.Custom_Parameters_Verification.parameters_Verification(Custom_Parameters_Verification.java:631)
	at twc.Regression.TestCases.regressionTestCases.C333232_Verify_cust_param_fhic(regressionTestCases.java:220)
	at sun.reflect.NativeMethodAccessorImpl.invoke0(Native Method)
	at sun.reflect.NativeMethodAccessorImpl.invoke(NativeMethodAccessorImpl.java:62)
	at sun.reflect.DelegatingMethodAccessorImpl.invoke(DelegatingMethodAccessorImpl.java:43)
	at java.lang.reflect.Method.invoke(Method.java:498)
	at org.testng.internal.MethodInvocationHelper.invokeMethod(MethodInvocationHelper.java:85)
	at org.testng.internal.Invoker.invokeMethod(Invoker.java:659)
	at org.testng.internal.Invoker.invokeTestMethod(Invoker.java:845)
	at org.testng.internal.Invoker.invokeTestMethods(Invoker.java:1153)
	at org.testng.internal.TestMethodWorker.invokeTestMethods(TestMethodWorker.java:125)
	at org.testng.internal.TestMethodWorker.run(TestMethodWorker.java:108)
	at org.testng.TestRunner.privateRun(TestRunner.java:771)
	at org.testng.TestRunner.run(TestRunner.java:621)
	at org.testng.SuiteRunner.runTest(SuiteRunner.java:357)
	at org.testng.SuiteRunner.runSequentially(SuiteRunner.java:352)
	at org.testng.SuiteRunner.privateRun(SuiteRunner.java:310)
	at org.testng.SuiteRunner.run(SuiteRunner.java:259)
	at org.testng.SuiteRunnerWorker.runSuite(SuiteRunnerWorker.java:52)
	at org.testng.SuiteRunnerWorker.run(SuiteRunnerWorker.java:86)
	at org.testng.TestNG.runSuitesSequentially(TestNG.java:1199)
	at org.testng.TestNG.runSuitesLocally(TestNG.java:1124)
	at org.testng.TestNG.run(TestNG.java:1032)
	at org.apache.maven.surefire.testng.TestNGExecutor.run(TestNGExecutor.java:73)
	at org.apache.maven.surefire.testng.TestNGXmlTestSuite.execute(TestNGXmlTestSuite.java:94)
	at org.apache.maven.surefire.Surefire.run(Surefire.java:169)
	at sun.reflect.NativeMethodAccessorImpl.invoke0(Native Method)
	at sun.reflect.NativeMethodAccessorImpl.invoke(NativeMethodAccessorImpl.java:62)
	at sun.reflect.DelegatingMethodAccessorImpl.invoke(DelegatingMethodAccessorImpl.java:43)
	at java.lang.reflect.Method.invoke(Method.java:498)
	at org.apache.maven.surefire.booter.SurefireBooter.runSuitesInProcess(SurefireBooter.java:350)
	at org.apache.maven.surefire.booter.SurefireBooter.main(SurefireBooter.java:1021)
]]>
    </failure>
  </testcase> <!-- C333232_Verify_cust_param_fhic -->
  <testcase name="C333217_Verify_cust_param_tmpr" time="10.862" classname="twc.Regression.TestCases.regressionTestCases"/>
  <testcase name="C344261_Verify_DescriptionURL_Video" time="0.368" classname="twc.Regression.TestCases.regressionTestCases"/>
  <testcase name="C344258_Verify_Video_Url_Parameter_ttid" time="0.448" classname="twc.Regression.TestCases.regressionTestCases"/>
  <testcase name="C333209_Verify_cust_param_cc" time="8.865" classname="twc.Regression.TestCases.regressionTestCases"/>
  <testcase name="C333202_Verify_cust_param_zip" time="8.641" classname="twc.Regression.TestCases.regressionTestCases"/>
  <testcase name="C333211_Verify_cust_param_locale" time="8.938" classname="twc.Regression.TestCases.regressionTestCases"/>
  <testcase name="C344259_Verify_Video_Url_Parameter_vid" time="0.497" classname="twc.Regression.TestCases.regressionTestCases"/>
  <testcase name="C333200_Verify_cust_param_ord" time="8.183" classname="twc.Regression.TestCases.regressionTestCases"/>
  <testcase name="C333213_Verify_cust_param_aid" time="8.713" classname="twc.Regression.TestCases.regressionTestCases"/>
  <testcase name="C658716_Verify_cust_param_tf" time="5.607" classname="twc.Regression.TestCases.regressionTestCases"/>
  <testcase name="C333205_Verify_cust_param_tile" time="8.041" classname="twc.Regression.TestCases.regressionTestCases"/>
  <testcase name="C333228_Verify_cust_param_wfxtg" time="9.183" classname="twc.Regression.TestCases.regressionTestCases"/>
  <testcase name="C333219_Verify_cust_param_ver" time="8.491" classname="twc.Regression.TestCases.regressionTestCases"/>
  <testcase name="C333216_Verify_cust_param_cnd" time="13.264" classname="twc.Regression.TestCases.regressionTestCases"/>
  <testcase name="C333204_Verify_cust_param_rmid" time="8.319" classname="twc.Regression.TestCases.regressionTestCases">
    <failure type="java.lang.AssertionError" message="rmid Value not matched">
      <![CDATA[java.lang.AssertionError: rmid Value not matched
	at org.testng.Assert.fail(Assert.java:94)
	at twc.Regression.TestCases.Custom_Parameters_Verification.parameters_Verification(Custom_Parameters_Verification.java:585)
	at twc.Regression.TestCases.regressionTestCases.C333204_Verify_cust_param_rmid(regressionTestCases.java:123)
	at sun.reflect.NativeMethodAccessorImpl.invoke0(Native Method)
	at sun.reflect.NativeMethodAccessorImpl.invoke(NativeMethodAccessorImpl.java:62)
	at sun.reflect.DelegatingMethodAccessorImpl.invoke(DelegatingMethodAccessorImpl.java:43)
	at java.lang.reflect.Method.invoke(Method.java:498)
	at org.testng.internal.MethodInvocationHelper.invokeMethod(MethodInvocationHelper.java:85)
	at org.testng.internal.Invoker.invokeMethod(Invoker.java:659)
	at org.testng.internal.Invoker.invokeTestMethod(Invoker.java:845)
	at org.testng.internal.Invoker.invokeTestMethods(Invoker.java:1153)
	at org.testng.internal.TestMethodWorker.invokeTestMethods(TestMethodWorker.java:125)
	at org.testng.internal.TestMethodWorker.run(TestMethodWorker.java:108)
	at org.testng.TestRunner.privateRun(TestRunner.java:771)
	at org.testng.TestRunner.run(TestRunner.java:621)
	at org.testng.SuiteRunner.runTest(SuiteRunner.java:357)
	at org.testng.SuiteRunner.runSequentially(SuiteRunner.java:352)
	at org.testng.SuiteRunner.privateRun(SuiteRunner.java:310)
	at org.testng.SuiteRunner.run(SuiteRunner.java:259)
	at org.testng.SuiteRunnerWorker.runSuite(SuiteRunnerWorker.java:52)
	at org.testng.SuiteRunnerWorker.run(SuiteRunnerWorker.java:86)
	at org.testng.TestNG.runSuitesSequentially(TestNG.java:1199)
	at org.testng.TestNG.runSuitesLocally(TestNG.java:1124)
	at org.testng.TestNG.run(TestNG.java:1032)
	at org.apache.maven.surefire.testng.TestNGExecutor.run(TestNGExecutor.java:73)
	at org.apache.maven.surefire.testng.TestNGXmlTestSuite.execute(TestNGXmlTestSuite.java:94)
	at org.apache.maven.surefire.Surefire.run(Surefire.java:169)
	at sun.reflect.NativeMethodAccessorImpl.invoke0(Native Method)
	at sun.reflect.NativeMethodAccessorImpl.invoke(NativeMethodAccessorImpl.java:62)
	at sun.reflect.DelegatingMethodAccessorImpl.invoke(DelegatingMethodAccessorImpl.java:43)
	at java.lang.reflect.Method.invoke(Method.java:498)
	at org.apache.maven.surefire.booter.SurefireBooter.runSuitesInProcess(SurefireBooter.java:350)
	at org.apache.maven.surefire.booter.SurefireBooter.main(SurefireBooter.java:1021)
]]>
    </failure>
  </testcase> <!-- C333204_Verify_cust_param_rmid -->
  <testcase name="C658711_Verify_cust_param_lang" time="7.984" classname="twc.Regression.TestCases.regressionTestCases"/>
  <testcase name="C344257_Verify_Video_Url_Parameter_cmsid" time="0.449" classname="twc.Regression.TestCases.regressionTestCases"/>
  <testcase name="C333208_Verify_cust_param_tmp" time="11.292" classname="twc.Regression.TestCases.regressionTestCases"/>
  <testcase name="C344260_Verify_Video_Url_Parameter_lnid" time="0.506" classname="twc.Regression.TestCases.regressionTestCases"/>
  <testcase name="C333219_Verify_cust_param_st" time="8.072" classname="twc.Regression.TestCases.regressionTestCases"/>
  <testcase name="C333213_Verify_cust_param_adid" time="8.209" classname="twc.Regression.TestCases.regressionTestCases"/>
  <testcase name="C344261_Verify_ContentURL_Video" time="0.351" classname="twc.Regression.TestCases.regressionTestCases"/>
  <testcase name="C333238_Verify_cust_param_floc" time="10.799" classname="twc.Regression.TestCases.regressionTestCases"/>
  <testcase name="C628160_Verify_Parameter_DyNght" time="8.107" classname="twc.Regression.TestCases.regressionTestCases"/>
  <testcase name="C333232_Verify_cust_param_fltmpc" time="12.505" classname="twc.Regression.TestCases.regressionTestCases"/>
  <testcase name="C333224_Verify_cust_param_uv" time="10.835" classname="twc.Regression.TestCases.regressionTestCases"/>
  <testcase name="C333239_Verify_cust_param_tmpc" time="10.416" classname="twc.Regression.TestCases.regressionTestCases"/>
  <testcase name="C333212_Verify_cust_param_ct" time="8.567" classname="twc.Regression.TestCases.regressionTestCases"/>
  <testcase name="C344261_Verify_Video_Url_Parameter_iu" time="0.501" classname="twc.Regression.TestCases.regressionTestCases"/>
  <testcase name="C658712_Verify_cust_param_plat" time="8.049" classname="twc.Regression.TestCases.regressionTestCases"/>
  <testcase name="C333221_Verify_cust_param_wind" time="10.307" classname="twc.Regression.TestCases.regressionTestCases"/>
</testsuite> <!-- twc.Regression.TestCases.regressionTestCases -->
